Hmm ... looks like a package

This is pdfTeX, Version 3.14159265-2.6-1.40.18 (TeX Live 2017/Debian) (preloaded format=pdflatex)
 restricted \write18 enabled.
entering extended mode
LaTeX2e <2017-04-15>
Babel <3.18> and hyphenation patterns for 84 language(s) loaded.
(./Rd2.tex
(/usr/share/texlive/texmf-dist/tex/latex/base/book.cls
Document Class: book 2014/09/29 v1.4h Standard LaTeX document class
(/usr/share/texlive/texmf-dist/tex/latex/base/bk10.clo))
(/usr/share/R/share/texmf/tex/latex/Rd.sty
(/usr/share/texlive/texmf-dist/tex/latex/base/ifthen.sty)
(/usr/share/texlive/texmf-dist/tex/latex/tools/longtable.sty)
(/usr/share/texlive/texmf-dist/tex/latex/tools/bm.sty)
(/usr/share/texlive/texmf-dist/tex/latex/base/alltt.sty)
(/usr/share/texlive/texmf-dist/tex/latex/tools/verbatim.sty)
(/usr/share/texlive/texmf-dist/tex/latex/url/url.sty)
(/usr/share/texlive/texmf-dist/tex/latex/base/textcomp.sty
(/usr/share/texlive/texmf-dist/tex/latex/base/ts1enc.def))
(/usr/share/texlive/texmf-dist/tex/latex/base/fontenc.sty
(/usr/share/texlive/texmf-dist/tex/latex/base/t1enc.def))
(/usr/share/texlive/texmf-dist/tex/latex/psnfss/times.sty)
(/usr/share/texlive/texmf-dist/tex/latex/inconsolata/zi4.sty
`inconsolata-zi4' v1.112, 2017/01/04 Text macros for Inconsolata (msharpe)
(/usr/share/texlive/texmf-dist/tex/latex/xkeyval/xkeyval.sty
(/usr/share/texlive/texmf-dist/tex/generic/xkeyval/xkeyval.tex
(/usr/share/texlive/texmf-dist/tex/generic/xkeyval/xkvutils.tex
(/usr/share/texlive/texmf-dist/tex/generic/xkeyval/keyval.tex)))))
(/usr/share/texlive/texmf-dist/tex/latex/graphics/color.sty
(/usr/share/texlive/texmf-dist/tex/latex/graphics-cfg/color.cfg)
(/usr/share/texlive/texmf-dist/tex/latex/graphics-def/pdftex.def))
(/usr/share/texlive/texmf-dist/tex/latex/hyperref/hyperref.sty
(/usr/share/texlive/texmf-dist/tex/generic/oberdiek/hobsub-hyperref.sty
(/usr/share/texlive/texmf-dist/tex/generic/oberdiek/hobsub-generic.sty))
(/usr/share/texlive/texmf-dist/tex/generic/ifxetex/ifxetex.sty)
(/usr/share/texlive/texmf-dist/tex/latex/oberdiek/auxhook.sty)
(/usr/share/texlive/texmf-dist/tex/latex/oberdiek/kvoptions.sty)
(/usr/share/texlive/texmf-dist/tex/latex/hyperref/pd1enc.def)
(/usr/share/texlive/texmf-dist/tex/latex/latexconfig/hyperref.cfg))
(/usr/share/texlive/texmf-dist/tex/latex/hyperref/hpdftex.def
(/usr/share/texlive/texmf-dist/tex/latex/oberdiek/rerunfilecheck.sty))

Package hyperref Warning: Option `hyperindex' has already been used,
(hyperref)                setting the option has no effect on input line 366.


Package hyperref Warning: Option `pagebackref' has already been used,
(hyperref)                setting the option has no effect on input line 366.

) (/usr/share/texlive/texmf-dist/tex/latex/base/makeidx.sty)
(/usr/share/texlive/texmf-dist/tex/latex/base/inputenc.sty
(/usr/share/texlive/texmf-dist/tex/latex/base/utf8.def
(/usr/share/texlive/texmf-dist/tex/latex/base/t1enc.dfu)
(/usr/share/texlive/texmf-dist/tex/latex/base/ot1enc.dfu)
(/usr/share/texlive/texmf-dist/tex/latex/base/omsenc.dfu)
(/usr/share/texlive/texmf-dist/tex/latex/base/ts1enc.dfu))
(/usr/share/texlive/texmf-dist/tex/latex/base/latin1.def))
Writing index file Rd2.idx
No file Rd2.aux.
(/usr/share/texlive/texmf-dist/tex/latex/base/ts1cmr.fd)
(/usr/share/texlive/texmf-dist/tex/latex/psnfss/t1ptm.fd)
(/usr/share/texlive/texmf-dist/tex/context/base/mkii/supp-pdf.mkii
[Loading MPS to PDF converter (version 2006.09.02).]
) (/usr/share/texlive/texmf-dist/tex/latex/hyperref/nameref.sty
(/usr/share/texlive/texmf-dist/tex/generic/oberdiek/gettitlestring.sty))
(/usr/share/texlive/texmf-dist/tex/latex/inconsolata/t1zi4.fd)
(/usr/share/texlive/texmf-dist/tex/latex/psnfss/ts1ptm.fd)
(/usr/share/texlive/texmf-dist/tex/latex/psnfss/t1phv.fd)
(/usr/share/texlive/texmf-dist/tex/latex/base/utf8.def) [1{/var/lib/texmf/fonts
/map/pdftex/updmap/pdftex.map}]
Overfull \hbox (54.50716pt too wide) in paragraph at lines 56--57
\T1/ptm/m/n/10 ber of com-po-nents. Com-pu-ta-tional Statis-tics and Data Anal-
y-sis, 124: 220-234. DOI: 10.1016/j.csda.2018.03.007. 
[2] (/usr/share/texlive/texmf-dist/tex/latex/base/utf8.def) [3]
(/usr/share/texlive/texmf-dist/tex/latex/base/utf8.def)
(/usr/share/texlive/texmf-dist/tex/latex/base/utf8.def) [4]
(/usr/share/texlive/texmf-dist/tex/latex/base/utf8.def) [5]
(/usr/share/texlive/texmf-dist/tex/latex/base/utf8.def) [6]
(/usr/share/texlive/texmf-dist/tex/latex/base/utf8.def)
(/usr/share/texlive/texmf-dist/tex/latex/base/utf8.def) [7]
(/usr/share/texlive/texmf-dist/tex/latex/base/utf8.def) [8]
(/usr/share/texlive/texmf-dist/tex/latex/base/utf8.def) [9]
(/usr/share/texlive/texmf-dist/tex/latex/base/utf8.def)
(/usr/share/texlive/texmf-dist/tex/latex/base/utf8.def) [10]
(/usr/share/texlive/texmf-dist/tex/latex/base/utf8.def) [11]
(/usr/share/texlive/texmf-dist/tex/latex/base/utf8.def)
(/usr/share/texlive/texmf-dist/tex/latex/base/utf8.def)
Overfull \hbox (21.31825pt too wide) in paragraph at lines 660--661
[]\T1/ptm/m/n/10 This func-tions is a wrap-per for the \T1/zi4/m/n/10 label.swi
tching \T1/ptm/m/n/10 pack-age and ap-plies the \T1/zi4/m/n/10 ECR \T1/ptm/m/n/
10 and \T1/zi4/m/n/10 ECR.ITERATIVE.1
[12] (/usr/share/texlive/texmf-dist/tex/latex/base/utf8.def) [13] [14]
Overfull \hbox (54.50716pt too wide) in paragraph at lines 823--824
\T1/ptm/m/n/10 ber of com-po-nents. Com-pu-ta-tional Statis-tics and Data Anal-
y-sis, 124: 220-234. DOI: 10.1016/j.csda.2018.03.007. 
[15] (/usr/share/texlive/texmf-dist/tex/latex/base/utf8.def) [16] [17]
Overfull \hbox (8.33775pt too wide) in paragraph at lines 961--962
\T1/ptm/m/n/10 iden-ti-fi-able due to la-bel switch-ing and the user has to sub
-se-quently call the \T1/zi4/m/n/10 dealWithLabelSwitching
[18] (/usr/share/texlive/texmf-dist/tex/latex/base/utf8.def) [19]
Overfull \hbox (8.33775pt too wide) in paragraph at lines 1112--1113
\T1/ptm/m/n/10 iden-ti-fi-able due to la-bel switch-ing and the user has to sub
-se-quently call the \T1/zi4/m/n/10 dealWithLabelSwitching
[20] (/usr/share/texlive/texmf-dist/tex/latex/base/utf8.def) [21]
Overfull \hbox (8.33775pt too wide) in paragraph at lines 1256--1257
\T1/ptm/m/n/10 iden-ti-fi-able due to la-bel switch-ing and the user has to sub
-se-quently call the \T1/zi4/m/n/10 dealWithLabelSwitching
[22] (/usr/share/texlive/texmf-dist/tex/latex/base/utf8.def) [23] [24]
Overfull \hbox (8.33775pt too wide) in paragraph at lines 1407--1408
\T1/ptm/m/n/10 iden-ti-fi-able due to la-bel switch-ing and the user has to sub
-se-quently call the \T1/zi4/m/n/10 dealWithLabelSwitching
[25] (/usr/share/texlive/texmf-dist/tex/latex/base/utf8.def) [26]
Overfull \hbox (8.33775pt too wide) in paragraph at lines 1558--1559
\T1/ptm/m/n/10 iden-ti-fi-able due to la-bel switch-ing and the user has to sub
-se-quently call the \T1/zi4/m/n/10 dealWithLabelSwitching
[27] (/usr/share/texlive/texmf-dist/tex/latex/base/utf8.def) [28]
(/usr/share/texlive/texmf-dist/tex/latex/base/utf8.def) [29]
(/usr/share/texlive/texmf-dist/tex/latex/base/utf8.def)
(/usr/share/texlive/texmf-dist/tex/latex/base/utf8.def) [30]
(/usr/share/texlive/texmf-dist/tex/latex/base/utf8.def) [31]
(/usr/share/texlive/texmf-dist/tex/latex/base/utf8.def)
(/usr/share/texlive/texmf-dist/tex/latex/base/utf8.def) [32]
(/usr/share/texlive/texmf-dist/tex/latex/base/utf8.def) [33]
(/usr/share/texlive/texmf-dist/tex/latex/base/utf8.def) [34]
(/usr/share/texlive/texmf-dist/tex/latex/base/utf8.def) [35]
(/usr/share/texlive/texmf-dist/tex/latex/base/utf8.def) [36]
(/usr/share/texlive/texmf-dist/tex/latex/base/utf8.def) [37]
(/usr/share/texlive/texmf-dist/tex/latex/base/utf8.def)
Overfull \hbox (38.10059pt too wide) in paragraph at lines 2285--2285
 []\T1/zi4/m/n/10 overfittingMFA_missing_values(missing_entries, x_data, origin
alX, outputDirectory, Kmax,[] 
[38] (/usr/share/texlive/texmf-dist/tex/latex/base/utf8.def) [39]
(/usr/share/texlive/texmf-dist/tex/latex/base/utf8.def) [40]
(/usr/share/texlive/texmf-dist/tex/latex/base/utf8.def) [41]
(/usr/share/texlive/texmf-dist/tex/latex/base/utf8.def) [42]
(/usr/share/texlive/texmf-dist/tex/latex/base/utf8.def) [43]
(/usr/share/texlive/texmf-dist/tex/latex/base/utf8.def)
Overfull \hbox (19.76044pt too wide) in paragraph at lines 2741--2741
 []\T1/zi4/m/n/10 overfitting_q0_sameSigma(x_data, originalX, outputDirectory, 
Kmax, m, thinning, burn,[] 
[44] (/usr/share/texlive/texmf-dist/tex/latex/base/utf8.def)
(/usr/share/texlive/texmf-dist/tex/latex/inconsolata/ts1zi4.fd) [45]
(/usr/share/texlive/texmf-dist/tex/latex/base/utf8.def)
(/usr/share/texlive/texmf-dist/tex/latex/base/utf8.def) [46]
(/usr/share/texlive/texmf-dist/tex/latex/base/utf8.def)
Overfull \hbox (26.42029pt too wide) in paragraph at lines 2925--2925
 []\T1/zi4/m/n/10 simData(sameSigma, sameLambda, p, q, K.true, n, loading_means
, loading_sd, sINV_values)[] 
[47] (/usr/share/texlive/texmf-dist/tex/latex/base/utf8.def) [48]
(/usr/share/texlive/texmf-dist/tex/latex/base/utf8.def) [49]
(/usr/share/texlive/texmf-dist/tex/latex/base/utf8.def)

LaTeX Warning: Command \textasciicircum invalid in math mode on input line 3083
.

(/usr/share/texlive/texmf-dist/tex/latex/base/utf8.def)

LaTeX Warning: Command \textasciicircum invalid in math mode on input line 3120
.

[50] (/usr/share/texlive/texmf-dist/tex/latex/base/utf8.def)

LaTeX Warning: Command \textasciicircum invalid in math mode on input line 3157
.

[51] (/usr/share/texlive/texmf-dist/tex/latex/base/utf8.def)

LaTeX Warning: Command \textasciicircum invalid in math mode on input line 3206
.

(/usr/share/texlive/texmf-dist/tex/latex/base/utf8.def)

LaTeX Warning: Command \textasciicircum invalid in math mode on input line 3249
.

[52] (/usr/share/texlive/texmf-dist/tex/latex/base/utf8.def)

LaTeX Warning: Command \textasciicircum invalid in math mode on input line 3292
.

[53] (/usr/share/texlive/texmf-dist/tex/latex/base/utf8.def)

LaTeX Warning: Command \textasciicircum invalid in math mode on input line 3341
.

(/usr/share/texlive/texmf-dist/tex/latex/base/utf8.def) [54]

LaTeX Warning: Command \textasciicircum invalid in math mode on input line 3390
.

(/usr/share/texlive/texmf-dist/tex/latex/base/utf8.def) [55]
(/usr/share/texlive/texmf-dist/tex/latex/base/utf8.def) [56]
(/usr/share/texlive/texmf-dist/tex/latex/base/utf8.def)
(/usr/share/texlive/texmf-dist/tex/latex/base/utf8.def) [57]
(/usr/share/texlive/texmf-dist/tex/latex/base/utf8.def) [58]
(/usr/share/texlive/texmf-dist/tex/latex/base/utf8.def)
(/usr/share/texlive/texmf-dist/tex/latex/base/utf8.def) [59]
(/usr/share/texlive/texmf-dist/tex/latex/base/utf8.def) [60]
(/usr/share/texlive/texmf-dist/tex/latex/base/utf8.def)
Overfull \hbox (6.77829pt too wide) in paragraph at lines 3805--3806
[]\T1/ptm/m/n/10 Lichman, M. (2013). UCI Ma-chine Learn-ing Repos-i-tory [][]$\
T1/zi4/m/n/10 http : / / archive . ics . uci . edu / ml$[][]\T1/ptm/m/n/10 . Ir
vine,
No file Rd2.ind.
[61] (/tmp/Rtmp7tYePv/Rd2pdf74cf378e4409/Rd2.aux)

Package rerunfilecheck Warning: File `Rd2.out' has changed.
(rerunfilecheck)                Rerun to get outlines right
(rerunfilecheck)                or use package `bookmark'.

 )
(see the transcript file for additional information){/usr/share/texlive/texmf-d
ist/fonts/enc/dvips/inconsolata/i4-ts1.enc}{/usr/share/texlive/texmf-dist/fonts
/enc/dvips/base/8r.enc}{/usr/share/texlive/texmf-dist/fonts/enc/dvips/inconsola
ta/i4-t1-0.enc}</usr/share/texlive/texmf-dist/fonts/type1/public/inconsolata/In
consolata-zi4r.pfb></usr/share/texlive/texmf-dist/fonts/type1/public/amsfonts/c
m/cmmi10.pfb></usr/share/texlive/texmf-dist/fonts/type1/public/amsfonts/cm/cmmi
7.pfb></usr/share/texlive/texmf-dist/fonts/type1/public/amsfonts/cm/cmr10.pfb><
/usr/share/texlive/texmf-dist/fonts/type1/public/amsfonts/cm/cmr7.pfb></usr/sha
re/texlive/texmf-dist/fonts/type1/public/amsfonts/cm/cmsy10.pfb></usr/share/tex
live/texmf-dist/fonts/type1/public/amsfonts/cm/cmsy7.pfb></usr/share/texlive/te
xmf-dist/fonts/type1/urw/helvetic/uhvr8a.pfb></usr/share/texlive/texmf-dist/fon
ts/type1/urw/times/utmb8a.pfb></usr/share/texlive/texmf-dist/fonts/type1/urw/ti
mes/utmr8a.pfb></usr/share/texlive/texmf-dist/fonts/type1/urw/times/utmr8a.pfb>
</usr/share/texlive/texmf-dist/fonts/type1/urw/times/utmri8a.pfb>
Output written on Rd2.pdf (61 pages, 233710 bytes).
Transcript written on Rd2.log.
This is pdfTeX, Version 3.14159265-2.6-1.40.18 (TeX Live 2017/Debian) (preloaded format=pdflatex)
 restricted \write18 enabled.
entering extended mode
LaTeX2e <2017-04-15>
Babel <3.18> and hyphenation patterns for 84 language(s) loaded.
(./Rd2.tex
(/usr/share/texlive/texmf-dist/tex/latex/base/book.cls
Document Class: book 2014/09/29 v1.4h Standard LaTeX document class
(/usr/share/texlive/texmf-dist/tex/latex/base/bk10.clo))
(/usr/share/R/share/texmf/tex/latex/Rd.sty
(/usr/share/texlive/texmf-dist/tex/latex/base/ifthen.sty)
(/usr/share/texlive/texmf-dist/tex/latex/tools/longtable.sty)
(/usr/share/texlive/texmf-dist/tex/latex/tools/bm.sty)
(/usr/share/texlive/texmf-dist/tex/latex/base/alltt.sty)
(/usr/share/texlive/texmf-dist/tex/latex/tools/verbatim.sty)
(/usr/share/texlive/texmf-dist/tex/latex/url/url.sty)
(/usr/share/texlive/texmf-dist/tex/latex/base/textcomp.sty
(/usr/share/texlive/texmf-dist/tex/latex/base/ts1enc.def))
(/usr/share/texlive/texmf-dist/tex/latex/base/fontenc.sty
(/usr/share/texlive/texmf-dist/tex/latex/base/t1enc.def))
(/usr/share/texlive/texmf-dist/tex/latex/psnfss/times.sty)
(/usr/share/texlive/texmf-dist/tex/latex/inconsolata/zi4.sty
`inconsolata-zi4' v1.112, 2017/01/04 Text macros for Inconsolata (msharpe)
(/usr/share/texlive/texmf-dist/tex/latex/xkeyval/xkeyval.sty
(/usr/share/texlive/texmf-dist/tex/generic/xkeyval/xkeyval.tex
(/usr/share/texlive/texmf-dist/tex/generic/xkeyval/xkvutils.tex
(/usr/share/texlive/texmf-dist/tex/generic/xkeyval/keyval.tex)))))
(/usr/share/texlive/texmf-dist/tex/latex/graphics/color.sty
(/usr/share/texlive/texmf-dist/tex/latex/graphics-cfg/color.cfg)
(/usr/share/texlive/texmf-dist/tex/latex/graphics-def/pdftex.def))
(/usr/share/texlive/texmf-dist/tex/latex/hyperref/hyperref.sty
(/usr/share/texlive/texmf-dist/tex/generic/oberdiek/hobsub-hyperref.sty
(/usr/share/texlive/texmf-dist/tex/generic/oberdiek/hobsub-generic.sty))
(/usr/share/texlive/texmf-dist/tex/generic/ifxetex/ifxetex.sty)
(/usr/share/texlive/texmf-dist/tex/latex/oberdiek/auxhook.sty)
(/usr/share/texlive/texmf-dist/tex/latex/oberdiek/kvoptions.sty)
(/usr/share/texlive/texmf-dist/tex/latex/hyperref/pd1enc.def)
(/usr/share/texlive/texmf-dist/tex/latex/latexconfig/hyperref.cfg))
(/usr/share/texlive/texmf-dist/tex/latex/hyperref/hpdftex.def
(/usr/share/texlive/texmf-dist/tex/latex/oberdiek/rerunfilecheck.sty))

Package hyperref Warning: Option `hyperindex' has already been used,
(hyperref)                setting the option has no effect on input line 366.


Package hyperref Warning: Option `pagebackref' has already been used,
(hyperref)                setting the option has no effect on input line 366.

) (/usr/share/texlive/texmf-dist/tex/latex/base/makeidx.sty)
(/usr/share/texlive/texmf-dist/tex/latex/base/inputenc.sty
(/usr/share/texlive/texmf-dist/tex/latex/base/utf8.def
(/usr/share/texlive/texmf-dist/tex/latex/base/t1enc.dfu)
(/usr/share/texlive/texmf-dist/tex/latex/base/ot1enc.dfu)
(/usr/share/texlive/texmf-dist/tex/latex/base/omsenc.dfu)
(/usr/share/texlive/texmf-dist/tex/latex/base/ts1enc.dfu))
(/usr/share/texlive/texmf-dist/tex/latex/base/latin1.def))
Writing index file Rd2.idx
(/tmp/Rtmp7tYePv/Rd2pdf74cf378e4409/Rd2.aux)
(/usr/share/texlive/texmf-dist/tex/latex/base/ts1cmr.fd)
(/usr/share/texlive/texmf-dist/tex/latex/psnfss/t1ptm.fd)
(/usr/share/texlive/texmf-dist/tex/context/base/mkii/supp-pdf.mkii
[Loading MPS to PDF converter (version 2006.09.02).]
) (/usr/share/texlive/texmf-dist/tex/latex/hyperref/nameref.sty
(/usr/share/texlive/texmf-dist/tex/generic/oberdiek/gettitlestring.sty))
(/tmp/Rtmp7tYePv/Rd2pdf74cf378e4409/Rd2.out)
(/tmp/Rtmp7tYePv/Rd2pdf74cf378e4409/Rd2.out)
(/usr/share/texlive/texmf-dist/tex/latex/inconsolata/t1zi4.fd)
(/usr/share/texlive/texmf-dist/tex/latex/psnfss/ts1ptm.fd)
(/usr/share/texlive/texmf-dist/tex/latex/psnfss/t1phv.fd)
(/tmp/Rtmp7tYePv/Rd2pdf74cf378e4409/Rd2.toc [1{/var/lib/texmf/fonts/map/pdftex/
updmap/pdftex.map}] [2]) (/usr/share/texlive/texmf-dist/tex/latex/base/utf8.def
)
Overfull \hbox (54.50716pt too wide) in paragraph at lines 56--57
\T1/ptm/m/n/10 ber of com-po-nents. Com-pu-ta-tional Statis-tics and Data Anal-
y-sis, 124: 220-234. DOI: 10.1016/j.csda.2018.03.007. 
[3] (/usr/share/texlive/texmf-dist/tex/latex/base/utf8.def) [4]
(/usr/share/texlive/texmf-dist/tex/latex/base/utf8.def)
(/usr/share/texlive/texmf-dist/tex/latex/base/utf8.def) [5]
(/usr/share/texlive/texmf-dist/tex/latex/base/utf8.def) [6]
(/usr/share/texlive/texmf-dist/tex/latex/base/utf8.def) [7]
(/usr/share/texlive/texmf-dist/tex/latex/base/utf8.def)
(/usr/share/texlive/texmf-dist/tex/latex/base/utf8.def) [8]
(/usr/share/texlive/texmf-dist/tex/latex/base/utf8.def) [9]
(/usr/share/texlive/texmf-dist/tex/latex/base/utf8.def) [10]
(/usr/share/texlive/texmf-dist/tex/latex/base/utf8.def)
(/usr/share/texlive/texmf-dist/tex/latex/base/utf8.def) [11]
(/usr/share/texlive/texmf-dist/tex/latex/base/utf8.def) [12]
(/usr/share/texlive/texmf-dist/tex/latex/base/utf8.def)
(/usr/share/texlive/texmf-dist/tex/latex/base/utf8.def)
Overfull \hbox (21.31825pt too wide) in paragraph at lines 660--661
[]\T1/ptm/m/n/10 This func-tions is a wrap-per for the \T1/zi4/m/n/10 label.swi
tching \T1/ptm/m/n/10 pack-age and ap-plies the \T1/zi4/m/n/10 ECR \T1/ptm/m/n/
10 and \T1/zi4/m/n/10 ECR.ITERATIVE.1
[13] (/usr/share/texlive/texmf-dist/tex/latex/base/utf8.def) [14] [15]
Overfull \hbox (54.50716pt too wide) in paragraph at lines 823--824
\T1/ptm/m/n/10 ber of com-po-nents. Com-pu-ta-tional Statis-tics and Data Anal-
y-sis, 124: 220-234. DOI: 10.1016/j.csda.2018.03.007. 
[16] (/usr/share/texlive/texmf-dist/tex/latex/base/utf8.def) [17] [18]
Overfull \hbox (8.33775pt too wide) in paragraph at lines 961--962
\T1/ptm/m/n/10 iden-ti-fi-able due to la-bel switch-ing and the user has to sub
-se-quently call the \T1/zi4/m/n/10 dealWithLabelSwitching
[19] (/usr/share/texlive/texmf-dist/tex/latex/base/utf8.def) [20]
Overfull \hbox (8.33775pt too wide) in paragraph at lines 1112--1113
\T1/ptm/m/n/10 iden-ti-fi-able due to la-bel switch-ing and the user has to sub
-se-quently call the \T1/zi4/m/n/10 dealWithLabelSwitching
[21] (/usr/share/texlive/texmf-dist/tex/latex/base/utf8.def) [22]
Overfull \hbox (8.33775pt too wide) in paragraph at lines 1256--1257
\T1/ptm/m/n/10 iden-ti-fi-able due to la-bel switch-ing and the user has to sub
-se-quently call the \T1/zi4/m/n/10 dealWithLabelSwitching
[23] (/usr/share/texlive/texmf-dist/tex/latex/base/utf8.def) [24] [25]
Overfull \hbox (8.33775pt too wide) in paragraph at lines 1407--1408
\T1/ptm/m/n/10 iden-ti-fi-able due to la-bel switch-ing and the user has to sub
-se-quently call the \T1/zi4/m/n/10 dealWithLabelSwitching
[26] (/usr/share/texlive/texmf-dist/tex/latex/base/utf8.def) [27]
Overfull \hbox (8.33775pt too wide) in paragraph at lines 1558--1559
\T1/ptm/m/n/10 iden-ti-fi-able due to la-bel switch-ing and the user has to sub
-se-quently call the \T1/zi4/m/n/10 dealWithLabelSwitching
[28] (/usr/share/texlive/texmf-dist/tex/latex/base/utf8.def) [29]
(/usr/share/texlive/texmf-dist/tex/latex/base/utf8.def) [30]
(/usr/share/texlive/texmf-dist/tex/latex/base/utf8.def)
(/usr/share/texlive/texmf-dist/tex/latex/base/utf8.def) [31]
(/usr/share/texlive/texmf-dist/tex/latex/base/utf8.def) [32]
(/usr/share/texlive/texmf-dist/tex/latex/base/utf8.def)
(/usr/share/texlive/texmf-dist/tex/latex/base/utf8.def) [33]
(/usr/share/texlive/texmf-dist/tex/latex/base/utf8.def) [34]
(/usr/share/texlive/texmf-dist/tex/latex/base/utf8.def) [35]
(/usr/share/texlive/texmf-dist/tex/latex/base/utf8.def) [36]
(/usr/share/texlive/texmf-dist/tex/latex/base/utf8.def) [37]
(/usr/share/texlive/texmf-dist/tex/latex/base/utf8.def) [38]
(/usr/share/texlive/texmf-dist/tex/latex/base/utf8.def)
Overfull \hbox (38.10059pt too wide) in paragraph at lines 2285--2285
 []\T1/zi4/m/n/10 overfittingMFA_missing_values(missing_entries, x_data, origin
alX, outputDirectory, Kmax,[] 
[39] (/usr/share/texlive/texmf-dist/tex/latex/base/utf8.def) [40]
(/usr/share/texlive/texmf-dist/tex/latex/base/utf8.def) [41]
(/usr/share/texlive/texmf-dist/tex/latex/base/utf8.def) [42]
(/usr/share/texlive/texmf-dist/tex/latex/base/utf8.def) [43]
(/usr/share/texlive/texmf-dist/tex/latex/base/utf8.def) [44]
(/usr/share/texlive/texmf-dist/tex/latex/base/utf8.def)
Overfull \hbox (19.76044pt too wide) in paragraph at lines 2741--2741
 []\T1/zi4/m/n/10 overfitting_q0_sameSigma(x_data, originalX, outputDirectory, 
Kmax, m, thinning, burn,[] 
[45] (/usr/share/texlive/texmf-dist/tex/latex/base/utf8.def)
(/usr/share/texlive/texmf-dist/tex/latex/inconsolata/ts1zi4.fd) [46]
(/usr/share/texlive/texmf-dist/tex/latex/base/utf8.def)
(/usr/share/texlive/texmf-dist/tex/latex/base/utf8.def) [47]
(/usr/share/texlive/texmf-dist/tex/latex/base/utf8.def)
Overfull \hbox (26.42029pt too wide) in paragraph at lines 2925--2925
 []\T1/zi4/m/n/10 simData(sameSigma, sameLambda, p, q, K.true, n, loading_means
, loading_sd, sINV_values)[] 
[48] (/usr/share/texlive/texmf-dist/tex/latex/base/utf8.def) [49]
(/usr/share/texlive/texmf-dist/tex/latex/base/utf8.def) [50]
(/usr/share/texlive/texmf-dist/tex/latex/base/utf8.def)

LaTeX Warning: Command \textasciicircum invalid in math mode on input line 3083
.

(/usr/share/texlive/texmf-dist/tex/latex/base/utf8.def)

LaTeX Warning: Command \textasciicircum invalid in math mode on input line 3120
.

[51] (/usr/share/texlive/texmf-dist/tex/latex/base/utf8.def)

LaTeX Warning: Command \textasciicircum invalid in math mode on input line 3157
.

[52] (/usr/share/texlive/texmf-dist/tex/latex/base/utf8.def)

LaTeX Warning: Command \textasciicircum invalid in math mode on input line 3206
.

(/usr/share/texlive/texmf-dist/tex/latex/base/utf8.def)

LaTeX Warning: Command \textasciicircum invalid in math mode on input line 3249
.

[53] (/usr/share/texlive/texmf-dist/tex/latex/base/utf8.def)

LaTeX Warning: Command \textasciicircum invalid in math mode on input line 3292
.

[54] (/usr/share/texlive/texmf-dist/tex/latex/base/utf8.def)

LaTeX Warning: Command \textasciicircum invalid in math mode on input line 3341
.

(/usr/share/texlive/texmf-dist/tex/latex/base/utf8.def) [55]

LaTeX Warning: Command \textasciicircum invalid in math mode on input line 3390
.

(/usr/share/texlive/texmf-dist/tex/latex/base/utf8.def) [56]
(/usr/share/texlive/texmf-dist/tex/latex/base/utf8.def) [57]
(/usr/share/texlive/texmf-dist/tex/latex/base/utf8.def)
(/usr/share/texlive/texmf-dist/tex/latex/base/utf8.def) [58]
(/usr/share/texlive/texmf-dist/tex/latex/base/utf8.def) [59]
(/usr/share/texlive/texmf-dist/tex/latex/base/utf8.def)
(/usr/share/texlive/texmf-dist/tex/latex/base/utf8.def) [60]
(/usr/share/texlive/texmf-dist/tex/latex/base/utf8.def) [61]
(/usr/share/texlive/texmf-dist/tex/latex/base/utf8.def)
Overfull \hbox (6.77829pt too wide) in paragraph at lines 3805--3806
[]\T1/ptm/m/n/10 Lichman, M. (2013). UCI Ma-chine Learn-ing Repos-i-tory [][]$\
T1/zi4/m/n/10 http : / / archive . ics . uci . edu / ml$[][]\T1/ptm/m/n/10 . Ir
vine,
No file Rd2.ind.
[62] (/tmp/Rtmp7tYePv/Rd2pdf74cf378e4409/Rd2.aux) )
(see the transcript file for additional information){/usr/share/texlive/texmf-d
ist/fonts/enc/dvips/inconsolata/i4-ts1.enc}{/usr/share/texlive/texmf-dist/fonts
/enc/dvips/base/8r.enc}{/usr/share/texlive/texmf-dist/fonts/enc/dvips/inconsola
ta/i4-t1-0.enc}</usr/share/texlive/texmf-dist/fonts/type1/public/inconsolata/In
consolata-zi4r.pfb></usr/share/texlive/texmf-dist/fonts/type1/public/amsfonts/c
m/cmmi10.pfb></usr/share/texlive/texmf-dist/fonts/type1/public/amsfonts/cm/cmmi
7.pfb></usr/share/texlive/texmf-dist/fonts/type1/public/amsfonts/cm/cmr10.pfb><
/usr/share/texlive/texmf-dist/fonts/type1/public/amsfonts/cm/cmr7.pfb></usr/sha
re/texlive/texmf-dist/fonts/type1/public/amsfonts/cm/cmsy10.pfb></usr/share/tex
live/texmf-dist/fonts/type1/public/amsfonts/cm/cmsy7.pfb></usr/share/texlive/te
xmf-dist/fonts/type1/urw/helvetic/uhvr8a.pfb></usr/share/texlive/texmf-dist/fon
ts/type1/urw/times/utmb8a.pfb></usr/share/texlive/texmf-dist/fonts/type1/urw/ti
mes/utmr8a.pfb></usr/share/texlive/texmf-dist/fonts/type1/urw/times/utmr8a.pfb>
</usr/share/texlive/texmf-dist/fonts/type1/urw/times/utmri8a.pfb>
Output written on Rd2.pdf (62 pages, 240258 bytes).
Transcript written on Rd2.log.
This is makeindex, version 2.15 [TeX Live 2017] (kpathsea + Thai support).
Scanning input file Rd2.idx....done (72 entries accepted, 0 rejected).
Sorting entries....done (444 comparisons).
Generating output file Rd2.ind....done (124 lines written, 0 warnings).
Output written in Rd2.ind.
Transcript written in Rd2.ilg.
This is pdfTeX, Version 3.14159265-2.6-1.40.18 (TeX Live 2017/Debian) (preloaded format=pdflatex)
 restricted \write18 enabled.
entering extended mode
LaTeX2e <2017-04-15>
Babel <3.18> and hyphenation patterns for 84 language(s) loaded.
(./Rd2.tex
(/usr/share/texlive/texmf-dist/tex/latex/base/book.cls
Document Class: book 2014/09/29 v1.4h Standard LaTeX document class
(/usr/share/texlive/texmf-dist/tex/latex/base/bk10.clo))
(/usr/share/R/share/texmf/tex/latex/Rd.sty
(/usr/share/texlive/texmf-dist/tex/latex/base/ifthen.sty)
(/usr/share/texlive/texmf-dist/tex/latex/tools/longtable.sty)
(/usr/share/texlive/texmf-dist/tex/latex/tools/bm.sty)
(/usr/share/texlive/texmf-dist/tex/latex/base/alltt.sty)
(/usr/share/texlive/texmf-dist/tex/latex/tools/verbatim.sty)
(/usr/share/texlive/texmf-dist/tex/latex/url/url.sty)
(/usr/share/texlive/texmf-dist/tex/latex/base/textcomp.sty
(/usr/share/texlive/texmf-dist/tex/latex/base/ts1enc.def))
(/usr/share/texlive/texmf-dist/tex/latex/base/fontenc.sty
(/usr/share/texlive/texmf-dist/tex/latex/base/t1enc.def))
(/usr/share/texlive/texmf-dist/tex/latex/psnfss/times.sty)
(/usr/share/texlive/texmf-dist/tex/latex/inconsolata/zi4.sty
`inconsolata-zi4' v1.112, 2017/01/04 Text macros for Inconsolata (msharpe)
(/usr/share/texlive/texmf-dist/tex/latex/xkeyval/xkeyval.sty
(/usr/share/texlive/texmf-dist/tex/generic/xkeyval/xkeyval.tex
(/usr/share/texlive/texmf-dist/tex/generic/xkeyval/xkvutils.tex
(/usr/share/texlive/texmf-dist/tex/generic/xkeyval/keyval.tex)))))
(/usr/share/texlive/texmf-dist/tex/latex/graphics/color.sty
(/usr/share/texlive/texmf-dist/tex/latex/graphics-cfg/color.cfg)
(/usr/share/texlive/texmf-dist/tex/latex/graphics-def/pdftex.def))
(/usr/share/texlive/texmf-dist/tex/latex/hyperref/hyperref.sty
(/usr/share/texlive/texmf-dist/tex/generic/oberdiek/hobsub-hyperref.sty
(/usr/share/texlive/texmf-dist/tex/generic/oberdiek/hobsub-generic.sty))
(/usr/share/texlive/texmf-dist/tex/generic/ifxetex/ifxetex.sty)
(/usr/share/texlive/texmf-dist/tex/latex/oberdiek/auxhook.sty)
(/usr/share/texlive/texmf-dist/tex/latex/oberdiek/kvoptions.sty)
(/usr/share/texlive/texmf-dist/tex/latex/hyperref/pd1enc.def)
(/usr/share/texlive/texmf-dist/tex/latex/latexconfig/hyperref.cfg))
(/usr/share/texlive/texmf-dist/tex/latex/hyperref/hpdftex.def
(/usr/share/texlive/texmf-dist/tex/latex/oberdiek/rerunfilecheck.sty))

Package hyperref Warning: Option `hyperindex' has already been used,
(hyperref)                setting the option has no effect on input line 366.


Package hyperref Warning: Option `pagebackref' has already been used,
(hyperref)                setting the option has no effect on input line 366.

) (/usr/share/texlive/texmf-dist/tex/latex/base/makeidx.sty)
(/usr/share/texlive/texmf-dist/tex/latex/base/inputenc.sty
(/usr/share/texlive/texmf-dist/tex/latex/base/utf8.def
(/usr/share/texlive/texmf-dist/tex/latex/base/t1enc.dfu)
(/usr/share/texlive/texmf-dist/tex/latex/base/ot1enc.dfu)
(/usr/share/texlive/texmf-dist/tex/latex/base/omsenc.dfu)
(/usr/share/texlive/texmf-dist/tex/latex/base/ts1enc.dfu))
(/usr/share/texlive/texmf-dist/tex/latex/base/latin1.def))
Writing index file Rd2.idx
(/tmp/Rtmp7tYePv/Rd2pdf74cf378e4409/Rd2.aux)
(/usr/share/texlive/texmf-dist/tex/latex/base/ts1cmr.fd)
(/usr/share/texlive/texmf-dist/tex/latex/psnfss/t1ptm.fd)
(/usr/share/texlive/texmf-dist/tex/context/base/mkii/supp-pdf.mkii
[Loading MPS to PDF converter (version 2006.09.02).]
) (/usr/share/texlive/texmf-dist/tex/latex/hyperref/nameref.sty
(/usr/share/texlive/texmf-dist/tex/generic/oberdiek/gettitlestring.sty))
(/tmp/Rtmp7tYePv/Rd2pdf74cf378e4409/Rd2.out)
(/tmp/Rtmp7tYePv/Rd2pdf74cf378e4409/Rd2.out)
(/usr/share/texlive/texmf-dist/tex/latex/inconsolata/t1zi4.fd)
(/usr/share/texlive/texmf-dist/tex/latex/psnfss/ts1ptm.fd)
(/usr/share/texlive/texmf-dist/tex/latex/psnfss/t1phv.fd)
(/tmp/Rtmp7tYePv/Rd2pdf74cf378e4409/Rd2.toc [1{/var/lib/texmf/fonts/map/pdftex/
updmap/pdftex.map}] [2]) (/usr/share/texlive/texmf-dist/tex/latex/base/utf8.def
)
Overfull \hbox (54.50716pt too wide) in paragraph at lines 56--57
\T1/ptm/m/n/10 ber of com-po-nents. Com-pu-ta-tional Statis-tics and Data Anal-
y-sis, 124: 220-234. DOI: 10.1016/j.csda.2018.03.007. 
[3] (/usr/share/texlive/texmf-dist/tex/latex/base/utf8.def) [4]
(/usr/share/texlive/texmf-dist/tex/latex/base/utf8.def)
(/usr/share/texlive/texmf-dist/tex/latex/base/utf8.def) [5]
(/usr/share/texlive/texmf-dist/tex/latex/base/utf8.def) [6]
(/usr/share/texlive/texmf-dist/tex/latex/base/utf8.def) [7]
(/usr/share/texlive/texmf-dist/tex/latex/base/utf8.def)
(/usr/share/texlive/texmf-dist/tex/latex/base/utf8.def) [8]
(/usr/share/texlive/texmf-dist/tex/latex/base/utf8.def) [9]
(/usr/share/texlive/texmf-dist/tex/latex/base/utf8.def) [10]
(/usr/share/texlive/texmf-dist/tex/latex/base/utf8.def)
(/usr/share/texlive/texmf-dist/tex/latex/base/utf8.def) [11]
(/usr/share/texlive/texmf-dist/tex/latex/base/utf8.def) [12]
(/usr/share/texlive/texmf-dist/tex/latex/base/utf8.def)
(/usr/share/texlive/texmf-dist/tex/latex/base/utf8.def)
Overfull \hbox (21.31825pt too wide) in paragraph at lines 660--661
[]\T1/ptm/m/n/10 This func-tions is a wrap-per for the \T1/zi4/m/n/10 label.swi
tching \T1/ptm/m/n/10 pack-age and ap-plies the \T1/zi4/m/n/10 ECR \T1/ptm/m/n/
10 and \T1/zi4/m/n/10 ECR.ITERATIVE.1
[13] (/usr/share/texlive/texmf-dist/tex/latex/base/utf8.def) [14] [15]
Overfull \hbox (54.50716pt too wide) in paragraph at lines 823--824
\T1/ptm/m/n/10 ber of com-po-nents. Com-pu-ta-tional Statis-tics and Data Anal-
y-sis, 124: 220-234. DOI: 10.1016/j.csda.2018.03.007. 
[16] (/usr/share/texlive/texmf-dist/tex/latex/base/utf8.def) [17] [18]
Overfull \hbox (8.33775pt too wide) in paragraph at lines 961--962
\T1/ptm/m/n/10 iden-ti-fi-able due to la-bel switch-ing and the user has to sub
-se-quently call the \T1/zi4/m/n/10 dealWithLabelSwitching
[19] (/usr/share/texlive/texmf-dist/tex/latex/base/utf8.def) [20]
Overfull \hbox (8.33775pt too wide) in paragraph at lines 1112--1113
\T1/ptm/m/n/10 iden-ti-fi-able due to la-bel switch-ing and the user has to sub
-se-quently call the \T1/zi4/m/n/10 dealWithLabelSwitching
[21] (/usr/share/texlive/texmf-dist/tex/latex/base/utf8.def) [22]
Overfull \hbox (8.33775pt too wide) in paragraph at lines 1256--1257
\T1/ptm/m/n/10 iden-ti-fi-able due to la-bel switch-ing and the user has to sub
-se-quently call the \T1/zi4/m/n/10 dealWithLabelSwitching
[23] (/usr/share/texlive/texmf-dist/tex/latex/base/utf8.def) [24] [25]
Overfull \hbox (8.33775pt too wide) in paragraph at lines 1407--1408
\T1/ptm/m/n/10 iden-ti-fi-able due to la-bel switch-ing and the user has to sub
-se-quently call the \T1/zi4/m/n/10 dealWithLabelSwitching
[26] (/usr/share/texlive/texmf-dist/tex/latex/base/utf8.def) [27]
Overfull \hbox (8.33775pt too wide) in paragraph at lines 1558--1559
\T1/ptm/m/n/10 iden-ti-fi-able due to la-bel switch-ing and the user has to sub
-se-quently call the \T1/zi4/m/n/10 dealWithLabelSwitching
[28] (/usr/share/texlive/texmf-dist/tex/latex/base/utf8.def) [29]
(/usr/share/texlive/texmf-dist/tex/latex/base/utf8.def) [30]
(/usr/share/texlive/texmf-dist/tex/latex/base/utf8.def)
(/usr/share/texlive/texmf-dist/tex/latex/base/utf8.def) [31]
(/usr/share/texlive/texmf-dist/tex/latex/base/utf8.def) [32]
(/usr/share/texlive/texmf-dist/tex/latex/base/utf8.def)
(/usr/share/texlive/texmf-dist/tex/latex/base/utf8.def) [33]
(/usr/share/texlive/texmf-dist/tex/latex/base/utf8.def) [34]
(/usr/share/texlive/texmf-dist/tex/latex/base/utf8.def) [35]
(/usr/share/texlive/texmf-dist/tex/latex/base/utf8.def) [36]
(/usr/share/texlive/texmf-dist/tex/latex/base/utf8.def) [37]
(/usr/share/texlive/texmf-dist/tex/latex/base/utf8.def) [38]
(/usr/share/texlive/texmf-dist/tex/latex/base/utf8.def)
Overfull \hbox (38.10059pt too wide) in paragraph at lines 2285--2285
 []\T1/zi4/m/n/10 overfittingMFA_missing_values(missing_entries, x_data, origin
alX, outputDirectory, Kmax,[] 
[39] (/usr/share/texlive/texmf-dist/tex/latex/base/utf8.def) [40]
(/usr/share/texlive/texmf-dist/tex/latex/base/utf8.def) [41]
(/usr/share/texlive/texmf-dist/tex/latex/base/utf8.def) [42]
(/usr/share/texlive/texmf-dist/tex/latex/base/utf8.def) [43]
(/usr/share/texlive/texmf-dist/tex/latex/base/utf8.def) [44]
(/usr/share/texlive/texmf-dist/tex/latex/base/utf8.def)
Overfull \hbox (19.76044pt too wide) in paragraph at lines 2741--2741
 []\T1/zi4/m/n/10 overfitting_q0_sameSigma(x_data, originalX, outputDirectory, 
Kmax, m, thinning, burn,[] 
[45] (/usr/share/texlive/texmf-dist/tex/latex/base/utf8.def)
(/usr/share/texlive/texmf-dist/tex/latex/inconsolata/ts1zi4.fd) [46]
(/usr/share/texlive/texmf-dist/tex/latex/base/utf8.def)
(/usr/share/texlive/texmf-dist/tex/latex/base/utf8.def) [47]
(/usr/share/texlive/texmf-dist/tex/latex/base/utf8.def)
Overfull \hbox (26.42029pt too wide) in paragraph at lines 2925--2925
 []\T1/zi4/m/n/10 simData(sameSigma, sameLambda, p, q, K.true, n, loading_means
, loading_sd, sINV_values)[] 
[48] (/usr/share/texlive/texmf-dist/tex/latex/base/utf8.def) [49]
(/usr/share/texlive/texmf-dist/tex/latex/base/utf8.def) [50]
(/usr/share/texlive/texmf-dist/tex/latex/base/utf8.def)

LaTeX Warning: Command \textasciicircum invalid in math mode on input line 3083
.

(/usr/share/texlive/texmf-dist/tex/latex/base/utf8.def)

LaTeX Warning: Command \textasciicircum invalid in math mode on input line 3120
.

[51] (/usr/share/texlive/texmf-dist/tex/latex/base/utf8.def)

LaTeX Warning: Command \textasciicircum invalid in math mode on input line 3157
.

[52] (/usr/share/texlive/texmf-dist/tex/latex/base/utf8.def)

LaTeX Warning: Command \textasciicircum invalid in math mode on input line 3206
.

(/usr/share/texlive/texmf-dist/tex/latex/base/utf8.def)

LaTeX Warning: Command \textasciicircum invalid in math mode on input line 3249
.

[53] (/usr/share/texlive/texmf-dist/tex/latex/base/utf8.def)

LaTeX Warning: Command \textasciicircum invalid in math mode on input line 3292
.

[54] (/usr/share/texlive/texmf-dist/tex/latex/base/utf8.def)

LaTeX Warning: Command \textasciicircum invalid in math mode on input line 3341
.

(/usr/share/texlive/texmf-dist/tex/latex/base/utf8.def) [55]

LaTeX Warning: Command \textasciicircum invalid in math mode on input line 3390
.

(/usr/share/texlive/texmf-dist/tex/latex/base/utf8.def) [56]
(/usr/share/texlive/texmf-dist/tex/latex/base/utf8.def) [57]
(/usr/share/texlive/texmf-dist/tex/latex/base/utf8.def)
(/usr/share/texlive/texmf-dist/tex/latex/base/utf8.def) [58]
(/usr/share/texlive/texmf-dist/tex/latex/base/utf8.def) [59]
(/usr/share/texlive/texmf-dist/tex/latex/base/utf8.def)
(/usr/share/texlive/texmf-dist/tex/latex/base/utf8.def) [60]
(/usr/share/texlive/texmf-dist/tex/latex/base/utf8.def) [61]
(/usr/share/texlive/texmf-dist/tex/latex/base/utf8.def)
Overfull \hbox (6.77829pt too wide) in paragraph at lines 3805--3806
[]\T1/ptm/m/n/10 Lichman, M. (2013). UCI Ma-chine Learn-ing Repos-i-tory [][]$\
T1/zi4/m/n/10 http : / / archive . ics . uci . edu / ml$[][]\T1/ptm/m/n/10 . Ir
vine,
(/tmp/Rtmp7tYePv/Rd2pdf74cf378e4409/Rd2.ind [62]
Overfull \hbox (3.3567pt too wide) in paragraph at lines 15--17
[]\T1/zi4/m/n/10 compute_A_B_G_D_and_simulate_mu_Lambda\T1/ptm/m/n/10 , 

Overfull \hbox (23.3567pt too wide) in paragraph at lines 17--19
[]\T1/zi4/m/n/10 compute_A_B_G_D_and_simulate_mu_Lambda_CCU\T1/ptm/m/n/10 , 

Overfull \hbox (23.3567pt too wide) in paragraph at lines 19--21
[]\T1/zi4/m/n/10 compute_A_B_G_D_and_simulate_mu_Lambda_CUU\T1/ptm/m/n/10 , 

Overfull \hbox (18.3567pt too wide) in paragraph at lines 21--23
[]\T1/zi4/m/n/10 compute_A_B_G_D_and_simulate_mu_Lambda_q0\T1/ptm/m/n/10 , 

Overfull \hbox (68.3567pt too wide) in paragraph at lines 23--25
[]\T1/zi4/m/n/10 compute_A_B_G_D_and_simulate_mu_Lambda_q0_sameSigma\T1/ptm/m/n
/10 , 

Overfull \hbox (18.3567pt too wide) in paragraph at lines 25--27
[]\T1/zi4/m/n/10 compute_A_B_G_D_and_simulate_mu_Lambda_Sj\T1/ptm/m/n/10 , 

Overfull \hbox (3.3567pt too wide) in paragraph at lines 28--30
[]\T1/zi4/m/n/10 compute_sufficient_statistics_given_mu\T1/ptm/m/n/10 , 
[63] [64]) (/tmp/Rtmp7tYePv/Rd2pdf74cf378e4409/Rd2.aux)

Package rerunfilecheck Warning: File `Rd2.out' has changed.
(rerunfilecheck)                Rerun to get outlines right
(rerunfilecheck)                or use package `bookmark'.

 )
(see the transcript file for additional information){/usr/share/texlive/texmf-d
ist/fonts/enc/dvips/inconsolata/i4-ts1.enc}{/usr/share/texlive/texmf-dist/fonts
/enc/dvips/base/8r.enc}{/usr/share/texlive/texmf-dist/fonts/enc/dvips/inconsola
ta/i4-t1-0.enc}</usr/share/texlive/texmf-dist/fonts/type1/public/inconsolata/In
consolata-zi4r.pfb></usr/share/texlive/texmf-dist/fonts/type1/public/amsfonts/c
m/cmmi10.pfb></usr/share/texlive/texmf-dist/fonts/type1/public/amsfonts/cm/cmmi
7.pfb></usr/share/texlive/texmf-dist/fonts/type1/public/amsfonts/cm/cmr10.pfb><
/usr/share/texlive/texmf-dist/fonts/type1/public/amsfonts/cm/cmr7.pfb></usr/sha
re/texlive/texmf-dist/fonts/type1/public/amsfonts/cm/cmsy10.pfb></usr/share/tex
live/texmf-dist/fonts/type1/public/amsfonts/cm/cmsy7.pfb></usr/share/texlive/te
xmf-dist/fonts/type1/urw/helvetic/uhvr8a.pfb></usr/share/texlive/texmf-dist/fon
ts/type1/urw/times/utmb8a.pfb></usr/share/texlive/texmf-dist/fonts/type1/urw/ti
mes/utmr8a.pfb></usr/share/texlive/texmf-dist/fonts/type1/urw/times/utmr8a.pfb>
</usr/share/texlive/texmf-dist/fonts/type1/urw/times/utmri8a.pfb>
Output written on Rd2.pdf (64 pages, 246039 bytes).
Transcript written on Rd2.log.
This is makeindex, version 2.15 [TeX Live 2017] (kpathsea + Thai support).
Scanning input file Rd2.idx....done (72 entries accepted, 0 rejected).
Sorting entries....done (444 comparisons).
Generating output file Rd2.ind....done (124 lines written, 0 warnings).
Output written in Rd2.ind.
Transcript written in Rd2.ilg.
This is pdfTeX, Version 3.14159265-2.6-1.40.18 (TeX Live 2017/Debian) (preloaded format=pdflatex)
 restricted \write18 enabled.
entering extended mode
LaTeX2e <2017-04-15>
Babel <3.18> and hyphenation patterns for 84 language(s) loaded.
(./Rd2.tex
(/usr/share/texlive/texmf-dist/tex/latex/base/book.cls
Document Class: book 2014/09/29 v1.4h Standard LaTeX document class
(/usr/share/texlive/texmf-dist/tex/latex/base/bk10.clo))
(/usr/share/R/share/texmf/tex/latex/Rd.sty
(/usr/share/texlive/texmf-dist/tex/latex/base/ifthen.sty)
(/usr/share/texlive/texmf-dist/tex/latex/tools/longtable.sty)
(/usr/share/texlive/texmf-dist/tex/latex/tools/bm.sty)
(/usr/share/texlive/texmf-dist/tex/latex/base/alltt.sty)
(/usr/share/texlive/texmf-dist/tex/latex/tools/verbatim.sty)
(/usr/share/texlive/texmf-dist/tex/latex/url/url.sty)
(/usr/share/texlive/texmf-dist/tex/latex/base/textcomp.sty
(/usr/share/texlive/texmf-dist/tex/latex/base/ts1enc.def))
(/usr/share/texlive/texmf-dist/tex/latex/base/fontenc.sty
(/usr/share/texlive/texmf-dist/tex/latex/base/t1enc.def))
(/usr/share/texlive/texmf-dist/tex/latex/psnfss/times.sty)
(/usr/share/texlive/texmf-dist/tex/latex/inconsolata/zi4.sty
`inconsolata-zi4' v1.112, 2017/01/04 Text macros for Inconsolata (msharpe)
(/usr/share/texlive/texmf-dist/tex/latex/xkeyval/xkeyval.sty
(/usr/share/texlive/texmf-dist/tex/generic/xkeyval/xkeyval.tex
(/usr/share/texlive/texmf-dist/tex/generic/xkeyval/xkvutils.tex
(/usr/share/texlive/texmf-dist/tex/generic/xkeyval/keyval.tex)))))
(/usr/share/texlive/texmf-dist/tex/latex/graphics/color.sty
(/usr/share/texlive/texmf-dist/tex/latex/graphics-cfg/color.cfg)
(/usr/share/texlive/texmf-dist/tex/latex/graphics-def/pdftex.def))
(/usr/share/texlive/texmf-dist/tex/latex/hyperref/hyperref.sty
(/usr/share/texlive/texmf-dist/tex/generic/oberdiek/hobsub-hyperref.sty
(/usr/share/texlive/texmf-dist/tex/generic/oberdiek/hobsub-generic.sty))
(/usr/share/texlive/texmf-dist/tex/generic/ifxetex/ifxetex.sty)
(/usr/share/texlive/texmf-dist/tex/latex/oberdiek/auxhook.sty)
(/usr/share/texlive/texmf-dist/tex/latex/oberdiek/kvoptions.sty)
(/usr/share/texlive/texmf-dist/tex/latex/hyperref/pd1enc.def)
(/usr/share/texlive/texmf-dist/tex/latex/latexconfig/hyperref.cfg))
(/usr/share/texlive/texmf-dist/tex/latex/hyperref/hpdftex.def
(/usr/share/texlive/texmf-dist/tex/latex/oberdiek/rerunfilecheck.sty))

Package hyperref Warning: Option `hyperindex' has already been used,
(hyperref)                setting the option has no effect on input line 366.


Package hyperref Warning: Option `pagebackref' has already been used,
(hyperref)                setting the option has no effect on input line 366.

) (/usr/share/texlive/texmf-dist/tex/latex/base/makeidx.sty)
(/usr/share/texlive/texmf-dist/tex/latex/base/inputenc.sty
(/usr/share/texlive/texmf-dist/tex/latex/base/utf8.def
(/usr/share/texlive/texmf-dist/tex/latex/base/t1enc.dfu)
(/usr/share/texlive/texmf-dist/tex/latex/base/ot1enc.dfu)
(/usr/share/texlive/texmf-dist/tex/latex/base/omsenc.dfu)
(/usr/share/texlive/texmf-dist/tex/latex/base/ts1enc.dfu))
(/usr/share/texlive/texmf-dist/tex/latex/base/latin1.def))
Writing index file Rd2.idx
(/tmp/Rtmp7tYePv/Rd2pdf74cf378e4409/Rd2.aux)
(/usr/share/texlive/texmf-dist/tex/latex/base/ts1cmr.fd)
(/usr/share/texlive/texmf-dist/tex/latex/psnfss/t1ptm.fd)
(/usr/share/texlive/texmf-dist/tex/context/base/mkii/supp-pdf.mkii
[Loading MPS to PDF converter (version 2006.09.02).]
) (/usr/share/texlive/texmf-dist/tex/latex/hyperref/nameref.sty
(/usr/share/texlive/texmf-dist/tex/generic/oberdiek/gettitlestring.sty))
(/tmp/Rtmp7tYePv/Rd2pdf74cf378e4409/Rd2.out)
(/tmp/Rtmp7tYePv/Rd2pdf74cf378e4409/Rd2.out)
(/usr/share/texlive/texmf-dist/tex/latex/inconsolata/t1zi4.fd)
(/usr/share/texlive/texmf-dist/tex/latex/psnfss/ts1ptm.fd)
(/usr/share/texlive/texmf-dist/tex/latex/psnfss/t1phv.fd)
(/tmp/Rtmp7tYePv/Rd2pdf74cf378e4409/Rd2.toc [1{/var/lib/texmf/fonts/map/pdftex/
updmap/pdftex.map}] [2]) (/usr/share/texlive/texmf-dist/tex/latex/base/utf8.def
)
Overfull \hbox (54.50716pt too wide) in paragraph at lines 56--57
\T1/ptm/m/n/10 ber of com-po-nents. Com-pu-ta-tional Statis-tics and Data Anal-
y-sis, 124: 220-234. DOI: 10.1016/j.csda.2018.03.007. 
[3] (/usr/share/texlive/texmf-dist/tex/latex/base/utf8.def) [4]
(/usr/share/texlive/texmf-dist/tex/latex/base/utf8.def)
(/usr/share/texlive/texmf-dist/tex/latex/base/utf8.def) [5]
(/usr/share/texlive/texmf-dist/tex/latex/base/utf8.def) [6]
(/usr/share/texlive/texmf-dist/tex/latex/base/utf8.def) [7]
(/usr/share/texlive/texmf-dist/tex/latex/base/utf8.def)
(/usr/share/texlive/texmf-dist/tex/latex/base/utf8.def) [8]
(/usr/share/texlive/texmf-dist/tex/latex/base/utf8.def) [9]
(/usr/share/texlive/texmf-dist/tex/latex/base/utf8.def) [10]
(/usr/share/texlive/texmf-dist/tex/latex/base/utf8.def)
(/usr/share/texlive/texmf-dist/tex/latex/base/utf8.def) [11]
(/usr/share/texlive/texmf-dist/tex/latex/base/utf8.def) [12]
(/usr/share/texlive/texmf-dist/tex/latex/base/utf8.def)
(/usr/share/texlive/texmf-dist/tex/latex/base/utf8.def)
Overfull \hbox (21.31825pt too wide) in paragraph at lines 660--661
[]\T1/ptm/m/n/10 This func-tions is a wrap-per for the \T1/zi4/m/n/10 label.swi
tching \T1/ptm/m/n/10 pack-age and ap-plies the \T1/zi4/m/n/10 ECR \T1/ptm/m/n/
10 and \T1/zi4/m/n/10 ECR.ITERATIVE.1
[13] (/usr/share/texlive/texmf-dist/tex/latex/base/utf8.def) [14] [15]
Overfull \hbox (54.50716pt too wide) in paragraph at lines 823--824
\T1/ptm/m/n/10 ber of com-po-nents. Com-pu-ta-tional Statis-tics and Data Anal-
y-sis, 124: 220-234. DOI: 10.1016/j.csda.2018.03.007. 
[16] (/usr/share/texlive/texmf-dist/tex/latex/base/utf8.def) [17] [18]
Overfull \hbox (8.33775pt too wide) in paragraph at lines 961--962
\T1/ptm/m/n/10 iden-ti-fi-able due to la-bel switch-ing and the user has to sub
-se-quently call the \T1/zi4/m/n/10 dealWithLabelSwitching
[19] (/usr/share/texlive/texmf-dist/tex/latex/base/utf8.def) [20]
Overfull \hbox (8.33775pt too wide) in paragraph at lines 1112--1113
\T1/ptm/m/n/10 iden-ti-fi-able due to la-bel switch-ing and the user has to sub
-se-quently call the \T1/zi4/m/n/10 dealWithLabelSwitching
[21] (/usr/share/texlive/texmf-dist/tex/latex/base/utf8.def) [22]
Overfull \hbox (8.33775pt too wide) in paragraph at lines 1256--1257
\T1/ptm/m/n/10 iden-ti-fi-able due to la-bel switch-ing and the user has to sub
-se-quently call the \T1/zi4/m/n/10 dealWithLabelSwitching
[23] (/usr/share/texlive/texmf-dist/tex/latex/base/utf8.def) [24] [25]
Overfull \hbox (8.33775pt too wide) in paragraph at lines 1407--1408
\T1/ptm/m/n/10 iden-ti-fi-able due to la-bel switch-ing and the user has to sub
-se-quently call the \T1/zi4/m/n/10 dealWithLabelSwitching
[26] (/usr/share/texlive/texmf-dist/tex/latex/base/utf8.def) [27]
Overfull \hbox (8.33775pt too wide) in paragraph at lines 1558--1559
\T1/ptm/m/n/10 iden-ti-fi-able due to la-bel switch-ing and the user has to sub
-se-quently call the \T1/zi4/m/n/10 dealWithLabelSwitching
[28] (/usr/share/texlive/texmf-dist/tex/latex/base/utf8.def) [29]
(/usr/share/texlive/texmf-dist/tex/latex/base/utf8.def) [30]
(/usr/share/texlive/texmf-dist/tex/latex/base/utf8.def)
(/usr/share/texlive/texmf-dist/tex/latex/base/utf8.def) [31]
(/usr/share/texlive/texmf-dist/tex/latex/base/utf8.def) [32]
(/usr/share/texlive/texmf-dist/tex/latex/base/utf8.def)
(/usr/share/texlive/texmf-dist/tex/latex/base/utf8.def) [33]
(/usr/share/texlive/texmf-dist/tex/latex/base/utf8.def) [34]
(/usr/share/texlive/texmf-dist/tex/latex/base/utf8.def) [35]
(/usr/share/texlive/texmf-dist/tex/latex/base/utf8.def) [36]
(/usr/share/texlive/texmf-dist/tex/latex/base/utf8.def) [37]
(/usr/share/texlive/texmf-dist/tex/latex/base/utf8.def) [38]
(/usr/share/texlive/texmf-dist/tex/latex/base/utf8.def)
Overfull \hbox (38.10059pt too wide) in paragraph at lines 2285--2285
 []\T1/zi4/m/n/10 overfittingMFA_missing_values(missing_entries, x_data, origin
alX, outputDirectory, Kmax,[] 
[39] (/usr/share/texlive/texmf-dist/tex/latex/base/utf8.def) [40]
(/usr/share/texlive/texmf-dist/tex/latex/base/utf8.def) [41]
(/usr/share/texlive/texmf-dist/tex/latex/base/utf8.def) [42]
(/usr/share/texlive/texmf-dist/tex/latex/base/utf8.def) [43]
(/usr/share/texlive/texmf-dist/tex/latex/base/utf8.def) [44]
(/usr/share/texlive/texmf-dist/tex/latex/base/utf8.def)
Overfull \hbox (19.76044pt too wide) in paragraph at lines 2741--2741
 []\T1/zi4/m/n/10 overfitting_q0_sameSigma(x_data, originalX, outputDirectory, 
Kmax, m, thinning, burn,[] 
[45] (/usr/share/texlive/texmf-dist/tex/latex/base/utf8.def)
(/usr/share/texlive/texmf-dist/tex/latex/inconsolata/ts1zi4.fd) [46]
(/usr/share/texlive/texmf-dist/tex/latex/base/utf8.def)
(/usr/share/texlive/texmf-dist/tex/latex/base/utf8.def) [47]
(/usr/share/texlive/texmf-dist/tex/latex/base/utf8.def)
Overfull \hbox (26.42029pt too wide) in paragraph at lines 2925--2925
 []\T1/zi4/m/n/10 simData(sameSigma, sameLambda, p, q, K.true, n, loading_means
, loading_sd, sINV_values)[] 
[48] (/usr/share/texlive/texmf-dist/tex/latex/base/utf8.def) [49]
(/usr/share/texlive/texmf-dist/tex/latex/base/utf8.def) [50]
(/usr/share/texlive/texmf-dist/tex/latex/base/utf8.def)

LaTeX Warning: Command \textasciicircum invalid in math mode on input line 3083
.

(/usr/share/texlive/texmf-dist/tex/latex/base/utf8.def)

LaTeX Warning: Command \textasciicircum invalid in math mode on input line 3120
.

[51] (/usr/share/texlive/texmf-dist/tex/latex/base/utf8.def)

LaTeX Warning: Command \textasciicircum invalid in math mode on input line 3157
.

[52] (/usr/share/texlive/texmf-dist/tex/latex/base/utf8.def)

LaTeX Warning: Command \textasciicircum invalid in math mode on input line 3206
.

(/usr/share/texlive/texmf-dist/tex/latex/base/utf8.def)

LaTeX Warning: Command \textasciicircum invalid in math mode on input line 3249
.

[53] (/usr/share/texlive/texmf-dist/tex/latex/base/utf8.def)

LaTeX Warning: Command \textasciicircum invalid in math mode on input line 3292
.

[54] (/usr/share/texlive/texmf-dist/tex/latex/base/utf8.def)

LaTeX Warning: Command \textasciicircum invalid in math mode on input line 3341
.

(/usr/share/texlive/texmf-dist/tex/latex/base/utf8.def) [55]

LaTeX Warning: Command \textasciicircum invalid in math mode on input line 3390
.

(/usr/share/texlive/texmf-dist/tex/latex/base/utf8.def) [56]
(/usr/share/texlive/texmf-dist/tex/latex/base/utf8.def) [57]
(/usr/share/texlive/texmf-dist/tex/latex/base/utf8.def)
(/usr/share/texlive/texmf-dist/tex/latex/base/utf8.def) [58]
(/usr/share/texlive/texmf-dist/tex/latex/base/utf8.def) [59]
(/usr/share/texlive/texmf-dist/tex/latex/base/utf8.def)
(/usr/share/texlive/texmf-dist/tex/latex/base/utf8.def) [60]
(/usr/share/texlive/texmf-dist/tex/latex/base/utf8.def) [61]
(/usr/share/texlive/texmf-dist/tex/latex/base/utf8.def)
Overfull \hbox (6.77829pt too wide) in paragraph at lines 3805--3806
[]\T1/ptm/m/n/10 Lichman, M. (2013). UCI Ma-chine Learn-ing Repos-i-tory [][]$\
T1/zi4/m/n/10 http : / / archive . ics . uci . edu / ml$[][]\T1/ptm/m/n/10 . Ir
vine,
(/tmp/Rtmp7tYePv/Rd2pdf74cf378e4409/Rd2.ind [62]
Overfull \hbox (3.3567pt too wide) in paragraph at lines 15--17
[]\T1/zi4/m/n/10 compute_A_B_G_D_and_simulate_mu_Lambda\T1/ptm/m/n/10 , 

Overfull \hbox (23.3567pt too wide) in paragraph at lines 17--19
[]\T1/zi4/m/n/10 compute_A_B_G_D_and_simulate_mu_Lambda_CCU\T1/ptm/m/n/10 , 

Overfull \hbox (23.3567pt too wide) in paragraph at lines 19--21
[]\T1/zi4/m/n/10 compute_A_B_G_D_and_simulate_mu_Lambda_CUU\T1/ptm/m/n/10 , 

Overfull \hbox (18.3567pt too wide) in paragraph at lines 21--23
[]\T1/zi4/m/n/10 compute_A_B_G_D_and_simulate_mu_Lambda_q0\T1/ptm/m/n/10 , 

Overfull \hbox (68.3567pt too wide) in paragraph at lines 23--25
[]\T1/zi4/m/n/10 compute_A_B_G_D_and_simulate_mu_Lambda_q0_sameSigma\T1/ptm/m/n
/10 , 

Overfull \hbox (18.3567pt too wide) in paragraph at lines 25--27
[]\T1/zi4/m/n/10 compute_A_B_G_D_and_simulate_mu_Lambda_Sj\T1/ptm/m/n/10 , 

Overfull \hbox (3.3567pt too wide) in paragraph at lines 28--30
[]\T1/zi4/m/n/10 compute_sufficient_statistics_given_mu\T1/ptm/m/n/10 , 
[63] [64]) (/tmp/Rtmp7tYePv/Rd2pdf74cf378e4409/Rd2.aux) )
(see the transcript file for additional information){/usr/share/texlive/texmf-d
ist/fonts/enc/dvips/inconsolata/i4-ts1.enc}{/usr/share/texlive/texmf-dist/fonts
/enc/dvips/base/8r.enc}{/usr/share/texlive/texmf-dist/fonts/enc/dvips/inconsola
ta/i4-t1-0.enc}</usr/share/texlive/texmf-dist/fonts/type1/public/inconsolata/In
consolata-zi4r.pfb></usr/share/texlive/texmf-dist/fonts/type1/public/amsfonts/c
m/cmmi10.pfb></usr/share/texlive/texmf-dist/fonts/type1/public/amsfonts/cm/cmmi
7.pfb></usr/share/texlive/texmf-dist/fonts/type1/public/amsfonts/cm/cmr10.pfb><
/usr/share/texlive/texmf-dist/fonts/type1/public/amsfonts/cm/cmr7.pfb></usr/sha
re/texlive/texmf-dist/fonts/type1/public/amsfonts/cm/cmsy10.pfb></usr/share/tex
live/texmf-dist/fonts/type1/public/amsfonts/cm/cmsy7.pfb></usr/share/texlive/te
xmf-dist/fonts/type1/urw/helvetic/uhvr8a.pfb></usr/share/texlive/texmf-dist/fon
ts/type1/urw/times/utmb8a.pfb></usr/share/texlive/texmf-dist/fonts/type1/urw/ti
mes/utmr8a.pfb></usr/share/texlive/texmf-dist/fonts/type1/urw/times/utmr8a.pfb>
</usr/share/texlive/texmf-dist/fonts/type1/urw/times/utmri8a.pfb>
Output written on Rd2.pdf (64 pages, 246877 bytes).
Transcript written on Rd2.log.
Saving output to fabMix-manual.pdf ...
Done
You may want to clean up by 'rm -rf /tmp/Rtmp7tYePv/Rd2pdf74cf378e4409'
