Hmm ... looks like a package

This is pdfTeX, Version 3.1415926-2.5-1.40.14 (TeX Live 2013/Debian)
 restricted \write18 enabled.
entering extended mode
LaTeX2e <2011/06/27>
Babel <3.9h> and hyphenation patterns for 78 languages loaded.
(./Rd2.tex
(/usr/share/texlive/texmf-dist/tex/latex/base/book.cls
Document Class: book 2007/10/19 v1.4h Standard LaTeX document class
(/usr/share/texlive/texmf-dist/tex/latex/base/bk10.clo))
(/usr/share/R/share/texmf/tex/latex/Rd.sty
(/usr/share/texlive/texmf-dist/tex/latex/base/ifthen.sty)
(/usr/share/texlive/texmf-dist/tex/latex/tools/longtable.sty)
(/usr/share/texlive/texmf-dist/tex/latex/tools/bm.sty)
(/usr/share/texlive/texmf-dist/tex/latex/base/alltt.sty)
(/usr/share/texlive/texmf-dist/tex/latex/tools/verbatim.sty)
(/usr/share/texlive/texmf-dist/tex/latex/url/url.sty)
(/usr/share/texlive/texmf-dist/tex/latex/base/textcomp.sty
(/usr/share/texlive/texmf-dist/tex/latex/base/ts1enc.def))
(/usr/share/texlive/texmf-dist/tex/latex/base/fontenc.sty
(/usr/share/texlive/texmf-dist/tex/latex/base/t1enc.def))
(/usr/share/texlive/texmf-dist/tex/latex/psnfss/times.sty)
(/usr/share/texlive/texmf-dist/tex/latex/inconsolata/zi4.sty
(/usr/share/texlive/texmf-dist/tex/latex/graphics/keyval.sty))
(/usr/share/texlive/texmf-dist/tex/latex/graphics/color.sty
(/etc/texmf/tex/latex/config/color.cfg)
(/usr/share/texlive/texmf-dist/tex/latex/pdftex-def/pdftex.def
(/usr/share/texlive/texmf-dist/tex/generic/oberdiek/infwarerr.sty)
(/usr/share/texlive/texmf-dist/tex/generic/oberdiek/ltxcmds.sty)))
(/usr/share/texlive/texmf-dist/tex/latex/hyperref/hyperref.sty
(/usr/share/texlive/texmf-dist/tex/generic/oberdiek/hobsub-hyperref.sty
(/usr/share/texlive/texmf-dist/tex/generic/oberdiek/hobsub-generic.sty))
(/usr/share/texlive/texmf-dist/tex/generic/ifxetex/ifxetex.sty)
(/usr/share/texlive/texmf-dist/tex/latex/oberdiek/auxhook.sty)
(/usr/share/texlive/texmf-dist/tex/latex/oberdiek/kvoptions.sty)
(/usr/share/texlive/texmf-dist/tex/latex/hyperref/pd1enc.def)
(/usr/share/texlive/texmf-dist/tex/latex/latexconfig/hyperref.cfg))

Package hyperref Message: Driver (autodetected): hpdftex.

(/usr/share/texlive/texmf-dist/tex/latex/hyperref/hpdftex.def
(/usr/share/texlive/texmf-dist/tex/latex/oberdiek/rerunfilecheck.sty))

Package hyperref Warning: Option `hyperindex' has already been used,
(hyperref)                setting the option has no effect on input line 366.


Package hyperref Warning: Option `pagebackref' has already been used,
(hyperref)                setting the option has no effect on input line 366.

) (/usr/share/texlive/texmf-dist/tex/latex/base/makeidx.sty)
(/usr/share/texlive/texmf-dist/tex/latex/base/inputenc.sty
(/usr/share/texlive/texmf-dist/tex/latex/base/utf8.def
(/usr/share/texlive/texmf-dist/tex/latex/base/t1enc.dfu)
(/usr/share/texlive/texmf-dist/tex/latex/base/ot1enc.dfu)
(/usr/share/texlive/texmf-dist/tex/latex/base/omsenc.dfu)
(/usr/share/texlive/texmf-dist/tex/latex/base/ts1enc.dfu))
(/usr/share/texlive/texmf-dist/tex/latex/base/latin1.def))
Writing index file Rd2.idx
No file Rd2.aux.
(/usr/share/texlive/texmf-dist/tex/latex/base/ts1cmr.fd)
(/usr/share/texlive/texmf-dist/tex/latex/psnfss/t1ptm.fd)
(/usr/share/texlive/texmf-dist/tex/context/base/supp-pdf.mkii
[Loading MPS to PDF converter (version 2006.09.02).]
) (/usr/share/texlive/texmf-dist/tex/latex/hyperref/nameref.sty
(/usr/share/texlive/texmf-dist/tex/generic/oberdiek/gettitlestring.sty))
(/usr/share/texlive/texmf-dist/tex/latex/inconsolata/t1zi4.fd)
(/usr/share/texlive/texmf-dist/tex/latex/psnfss/ts1ptm.fd)
(/usr/share/texlive/texmf-dist/tex/latex/psnfss/t1phv.fd)
(/usr/share/texlive/texmf-dist/tex/latex/base/utf8.def) [1{/var/lib/texmf/fonts
/map/pdftex/updmap/pdftex.map}]
Overfull \hbox (25.57823pt too wide) in paragraph at lines 37--38
\T1/ptm/m/n/10 (Pa-pas-ta-moulis (2019) <DOI:10.1007/s11222-019-09891-z> (2018)
 <DOI:10.1016/j.csda.2018.03.007>).

Overfull \hbox (40.3775pt too wide) in paragraph at lines 51--52
[]\T1/ptm/m/n/10 McNicholas, P.D. and Mur-phy, T.B. Statis-tics and Com-put-ing
 (2008) 18: 285. https://doi.org/10.1007/s11222-

Overfull \hbox (54.50716pt too wide) in paragraph at lines 61--62
\T1/ptm/m/n/10 ber of com-po-nents. Com-pu-ta-tional Statis-tics and Data Anal-
y-sis, 124: 220-234. DOI: 10.1016/j.csda.2018.03.007. 
[2] (/usr/share/texlive/texmf-dist/tex/latex/inconsolata/ts1zi4.fd) [3]
(/usr/share/texlive/texmf-dist/tex/latex/base/utf8.def) [4]
(/usr/share/texlive/texmf-dist/tex/latex/base/utf8.def) [5]
(/usr/share/texlive/texmf-dist/tex/latex/base/utf8.def) [6]
(/usr/share/texlive/texmf-dist/tex/latex/base/utf8.def) [7]
(/usr/share/texlive/texmf-dist/tex/latex/base/utf8.def) [8] [9]
(/usr/share/texlive/texmf-dist/tex/latex/base/utf8.def) [10] [11]
(/usr/share/texlive/texmf-dist/tex/latex/base/utf8.def) [12]
(/usr/share/texlive/texmf-dist/tex/latex/base/utf8.def) [13]
(/usr/share/texlive/texmf-dist/tex/latex/base/utf8.def) [14]
(/usr/share/texlive/texmf-dist/tex/latex/base/utf8.def) [15]
(/usr/share/texlive/texmf-dist/tex/latex/base/utf8.def) [16]
(/usr/share/texlive/texmf-dist/tex/latex/base/utf8.def) [17]
(/usr/share/texlive/texmf-dist/tex/latex/base/utf8.def) [18]
(/usr/share/texlive/texmf-dist/tex/latex/base/utf8.def) [19]
(/usr/share/texlive/texmf-dist/tex/latex/base/utf8.def) [20]
(/usr/share/texlive/texmf-dist/tex/latex/base/utf8.def)
Overfull \hbox (21.31825pt too wide) in paragraph at lines 1132--1133
[]\T1/ptm/m/n/10 This func-tions is a wrap-per for the \T1/zi4/m/n/10 label.swi
tching \T1/ptm/m/n/10 pack-age and ap-plies the \T1/zi4/m/n/10 ECR \T1/ptm/m/n/
10 and \T1/zi4/m/n/10 ECR.ITERATIVE.1
[21] (/usr/share/texlive/texmf-dist/tex/latex/base/utf8.def)
Overfull \hbox (13.21764pt too wide) in paragraph at lines 1205--1206
[]\T1/ptm/m/n/10 The num-ber of par-al-lel heated chains. When `dirPri-o-rAl-ph
as` is sup-plied, `nChains`

Overfull \hbox (36.41983pt too wide) in paragraph at lines 1208--1209
\T1/ptm/m/n/10 re-spond-ing chain. De-fault: \T1/zi4/m/n/10 dirPriorAlphas = c(
1, 1 + dN*(2:nChains - 1))/Kmax\T1/ptm/m/n/10 ,
[22]
Overfull \hbox (2.02823pt too wide) in paragraph at lines 1241--1242
[]\T1/ptm/m/n/10 Should the ob-served data be nor-mal-ized? De-fault value: TRU
E. (Rec-om-mended) 
[23] [24]
Overfull \hbox (54.50716pt too wide) in paragraph at lines 1338--1339
\T1/ptm/m/n/10 ber of com-po-nents. Com-pu-ta-tional Statis-tics and Data Anal-
y-sis, 124: 220-234. DOI: 10.1016/j.csda.2018.03.007. 
[25]
Underfull \vbox (badness 10000) has occurred while \output is active [26]
(/usr/share/texlive/texmf-dist/tex/latex/base/utf8.def) [27]
Overfull \hbox (8.33775pt too wide) in paragraph at lines 1537--1538
\T1/ptm/m/n/10 iden-ti-fi-able due to la-bel switch-ing and the user has to sub
-se-quently call the \T1/zi4/m/n/10 dealWithLabelSwitching
[28] (/usr/share/texlive/texmf-dist/tex/latex/base/utf8.def) [29]
Overfull \hbox (8.33775pt too wide) in paragraph at lines 1647--1648
\T1/ptm/m/n/10 iden-ti-fi-able due to la-bel switch-ing and the user has to sub
-se-quently call the \T1/zi4/m/n/10 dealWithLabelSwitching
(/usr/share/texlive/texmf-dist/tex/latex/base/utf8.def) [30] [31]
Overfull \hbox (8.33775pt too wide) in paragraph at lines 1750--1751
\T1/ptm/m/n/10 iden-ti-fi-able due to la-bel switch-ing and the user has to sub
-se-quently call the \T1/zi4/m/n/10 dealWithLabelSwitching
(/usr/share/texlive/texmf-dist/tex/latex/base/utf8.def)
Overfull \hbox (23.78088pt too wide) in paragraph at lines 1765--1765
 []\T1/zi4/m/n/10 fabMix_parallelModels(model, nChains, dirPriorAlphas, rawData
, outDir, Kmax, mCycles,[] 

Overfull \hbox (13.21764pt too wide) in paragraph at lines 1779--1780
[]\T1/ptm/m/n/10 The num-ber of par-al-lel heated chains. When `dirPri-o-rAl-ph
as` is sup-plied, `nChains`

Overfull \hbox (36.41983pt too wide) in paragraph at lines 1782--1783
\T1/ptm/m/n/10 re-spond-ing chain. De-fault: \T1/zi4/m/n/10 dirPriorAlphas = c(
1, 1 + dN*(2:nChains - 1))/Kmax\T1/ptm/m/n/10 ,
[32]
Overfull \hbox (2.02823pt too wide) in paragraph at lines 1815--1816
[]\T1/ptm/m/n/10 Should the ob-served data be nor-mal-ized? De-fault value: TRU
E. (Rec-om-mended) 
[33] (/usr/share/texlive/texmf-dist/tex/latex/base/utf8.def) [34]
Overfull \hbox (8.33775pt too wide) in paragraph at lines 1967--1968
\T1/ptm/m/n/10 iden-ti-fi-able due to la-bel switch-ing and the user has to sub
-se-quently call the \T1/zi4/m/n/10 dealWithLabelSwitching
(/usr/share/texlive/texmf-dist/tex/latex/base/utf8.def) [35] [36]
Overfull \hbox (8.33775pt too wide) in paragraph at lines 2077--2078
\T1/ptm/m/n/10 iden-ti-fi-able due to la-bel switch-ing and the user has to sub
-se-quently call the \T1/zi4/m/n/10 dealWithLabelSwitching
(/usr/share/texlive/texmf-dist/tex/latex/base/utf8.def) [37]
(/usr/share/texlive/texmf-dist/tex/latex/base/utf8.def) [38]
(/usr/share/texlive/texmf-dist/tex/latex/base/utf8.def)
(/usr/share/texlive/texmf-dist/tex/latex/base/utf8.def) [39]
(/usr/share/texlive/texmf-dist/tex/latex/base/utf8.def) [40]
(/usr/share/texlive/texmf-dist/tex/latex/base/utf8.def) [41]
(/usr/share/texlive/texmf-dist/tex/latex/base/utf8.def) [42]
(/usr/share/texlive/texmf-dist/tex/latex/base/utf8.def) [43] [44]
(/usr/share/texlive/texmf-dist/tex/latex/base/utf8.def) [45]
(/usr/share/texlive/texmf-dist/tex/latex/base/utf8.def) [46] [47]
(/usr/share/texlive/texmf-dist/tex/latex/base/utf8.def) [48]
(/usr/share/texlive/texmf-dist/tex/latex/base/utf8.def) [49] [50]
(/usr/share/texlive/texmf-dist/tex/latex/base/utf8.def)
Overfull \hbox (40.78088pt too wide) in paragraph at lines 2999--2999
 []\T1/zi4/m/n/10 overfittingMFA_missing_values(missing_entries, x_data, origin
alX, outputDirectory, Kmax,[] 
[51] (/usr/share/texlive/texmf-dist/tex/latex/base/utf8.def) [52] [53]
(/usr/share/texlive/texmf-dist/tex/latex/base/utf8.def) [54]
(/usr/share/texlive/texmf-dist/tex/latex/base/utf8.def) [55]
(/usr/share/texlive/texmf-dist/tex/latex/base/utf8.def) [56] [57]
(/usr/share/texlive/texmf-dist/tex/latex/base/utf8.def)
Overfull \hbox (65.78088pt too wide) in paragraph at lines 3481--3481
 []\T1/zi4/m/n/10 g, h, alpha_prior, alpha_sigma, beta_sigma, start_values, q, 
zStart, gibbs_z, lowerTriangular)[] 
[58] (/usr/share/texlive/texmf-dist/tex/latex/base/utf8.def)
Overfull \hbox (23.78088pt too wide) in paragraph at lines 3557--3557
 []\T1/zi4/m/n/10 overfitting_q0_sameSigma(x_data, originalX, outputDirectory, 
Kmax, m, thinning, burn,[] 

Overfull \hbox (65.78088pt too wide) in paragraph at lines 3558--3558
 []\T1/zi4/m/n/10 g, h, alpha_prior, alpha_sigma, beta_sigma, start_values, q, 
zStart, gibbs_z, lowerTriangular)[] 
[59] (/usr/share/texlive/texmf-dist/tex/latex/base/utf8.def) [60]
(/usr/share/texlive/texmf-dist/tex/latex/base/utf8.def) [61]
(/usr/share/texlive/texmf-dist/tex/latex/base/utf8.def)
(/usr/share/texlive/texmf-dist/tex/latex/base/utf8.def)
Overfull \hbox (31.78088pt too wide) in paragraph at lines 3759--3759
 []\T1/zi4/m/n/10 simData(sameSigma, sameLambda, p, q, K.true, n, loading_means
, loading_sd, sINV_values)[] 
[62] [63] (/usr/share/texlive/texmf-dist/tex/latex/base/utf8.def) [64]
(/usr/share/texlive/texmf-dist/tex/latex/base/utf8.def) [65]
(/usr/share/texlive/texmf-dist/tex/latex/base/utf8.def) [66]
(/usr/share/texlive/texmf-dist/tex/latex/base/utf8.def) [67]
Overfull \hbox (17.88098pt too wide) in paragraph at lines 4119--4119
 []        \T1/zi4/m/n/9 diag(SigmaINV[k,,]) <- 1/diag(syntheticDataset$varianc
e) + rgamma(p, shape=1, rate = 1)[] 
[68] (/usr/share/texlive/texmf-dist/tex/latex/base/utf8.def)

LaTeX Warning: Command \textasciicircum invalid in math mode on input line 4132
.


Overfull \hbox (17.88098pt too wide) in paragraph at lines 4183--4183
 []        \T1/zi4/m/n/9 diag(SigmaINV[k,,]) <- 1/diag(syntheticDataset$varianc
e) + rgamma(p, shape=1, rate = 1)[] 
[69] (/usr/share/texlive/texmf-dist/tex/latex/base/utf8.def)

LaTeX Warning: Command \textasciicircum invalid in math mode on input line 4193
.


Overfull \hbox (17.88098pt too wide) in paragraph at lines 4244--4244
 []        \T1/zi4/m/n/9 diag(SigmaINV[k,,]) <- 1/diag(syntheticDataset$varianc
e) + rgamma(p, shape=1, rate = 1)[] 
[70] (/usr/share/texlive/texmf-dist/tex/latex/base/utf8.def)

LaTeX Warning: Command \textasciicircum invalid in math mode on input line 4256
.

[71] (/usr/share/texlive/texmf-dist/tex/latex/base/utf8.def)

LaTeX Warning: Command \textasciicircum invalid in math mode on input line 4330
.

[72] (/usr/share/texlive/texmf-dist/tex/latex/base/utf8.def)

LaTeX Warning: Command \textasciicircum invalid in math mode on input line 4373
.

(/usr/share/texlive/texmf-dist/tex/latex/base/utf8.def)

LaTeX Warning: Command \textasciicircum invalid in math mode on input line 4416
.

[73] [74] (/usr/share/texlive/texmf-dist/tex/latex/base/utf8.def)

LaTeX Warning: Command \textasciicircum invalid in math mode on input line 4490
.

[75] (/usr/share/texlive/texmf-dist/tex/latex/base/utf8.def)

LaTeX Warning: Command \textasciicircum invalid in math mode on input line 4564
.

[76] (/usr/share/texlive/texmf-dist/tex/latex/base/utf8.def) [77]
(/usr/share/texlive/texmf-dist/tex/latex/base/utf8.def) [78]
(/usr/share/texlive/texmf-dist/tex/latex/base/utf8.def) [79]
(/usr/share/texlive/texmf-dist/tex/latex/base/utf8.def) [80]
(/usr/share/texlive/texmf-dist/tex/latex/base/utf8.def) [81]
(/usr/share/texlive/texmf-dist/tex/latex/base/utf8.def) [82]
(/usr/share/texlive/texmf-dist/tex/latex/base/utf8.def) [83]
(/usr/share/texlive/texmf-dist/tex/latex/base/utf8.def) [84]
(/usr/share/texlive/texmf-dist/tex/latex/base/utf8.def)
Overfull \hbox (6.77829pt too wide) in paragraph at lines 5148--5149
[]\T1/ptm/m/n/10 Lichman, M. (2013). UCI Ma-chine Learn-ing Repos-i-tory [][]$\
T1/zi4/m/n/10 http : / / archive . ics . uci . edu / ml$[][]\T1/ptm/m/n/10 . Ir
vine,
No file Rd2.ind.
[85] (./Rd2.aux)

Package rerunfilecheck Warning: File `Rd2.out' has changed.
(rerunfilecheck)                Rerun to get outlines right
(rerunfilecheck)                or use package `bookmark'.

 )
(see the transcript file for additional information){/usr/share/texlive/texmf-d
ist/fonts/enc/dvips/inconsolata/i4-ts1.enc}{/usr/share/texlive/texmf-dist/fonts
/enc/dvips/base/8r.enc}{/usr/share/texlive/texmf-dist/fonts/enc/dvips/inconsola
ta/i4-t1-0.enc}</usr/share/texlive/texmf-dist/fonts/type1/public/inconsolata/In
consolata-zi4r.pfb></usr/share/texlive/texmf-dist/fonts/type1/public/amsfonts/c
m/cmbx10.pfb></usr/share/texlive/texmf-dist/fonts/type1/public/amsfonts/cm/cmmi
10.pfb></usr/share/texlive/texmf-dist/fonts/type1/public/amsfonts/cm/cmmi7.pfb>
</usr/share/texlive/texmf-dist/fonts/type1/public/amsfonts/cm/cmmib10.pfb></usr
/share/texlive/texmf-dist/fonts/type1/public/amsfonts/cm/cmr10.pfb></usr/share/
texlive/texmf-dist/fonts/type1/public/amsfonts/cm/cmr7.pfb></usr/share/texlive/
texmf-dist/fonts/type1/public/amsfonts/cm/cmsy10.pfb></usr/share/texlive/texmf-
dist/fonts/type1/public/amsfonts/cm/cmsy7.pfb></usr/share/texlive/texmf-dist/fo
nts/type1/urw/helvetic/uhvr8a.pfb></usr/share/texlive/texmf-dist/fonts/type1/ur
w/times/utmb8a.pfb></usr/share/texlive/texmf-dist/fonts/type1/urw/times/utmr8a.
pfb></usr/share/texlive/texmf-dist/fonts/type1/urw/times/utmr8a.pfb></usr/share
/texlive/texmf-dist/fonts/type1/urw/times/utmri8a.pfb>
Output written on Rd2.pdf (85 pages, 403022 bytes).
Transcript written on Rd2.log.
This is makeindex, version 2.15 [TeX Live 2013] (kpathsea + Thai support).
Scanning input file Rd2.idx....done (85 entries accepted, 0 rejected).
Sorting entries....done (595 comparisons).
Generating output file Rd2.ind....done (127 lines written, 0 warnings).
Output written in Rd2.ind.
Transcript written in Rd2.ilg.
This is pdfTeX, Version 3.1415926-2.5-1.40.14 (TeX Live 2013/Debian)
 restricted \write18 enabled.
entering extended mode
LaTeX2e <2011/06/27>
Babel <3.9h> and hyphenation patterns for 78 languages loaded.
(./Rd2.tex
(/usr/share/texlive/texmf-dist/tex/latex/base/book.cls
Document Class: book 2007/10/19 v1.4h Standard LaTeX document class
(/usr/share/texlive/texmf-dist/tex/latex/base/bk10.clo))
(/usr/share/R/share/texmf/tex/latex/Rd.sty
(/usr/share/texlive/texmf-dist/tex/latex/base/ifthen.sty)
(/usr/share/texlive/texmf-dist/tex/latex/tools/longtable.sty)
(/usr/share/texlive/texmf-dist/tex/latex/tools/bm.sty)
(/usr/share/texlive/texmf-dist/tex/latex/base/alltt.sty)
(/usr/share/texlive/texmf-dist/tex/latex/tools/verbatim.sty)
(/usr/share/texlive/texmf-dist/tex/latex/url/url.sty)
(/usr/share/texlive/texmf-dist/tex/latex/base/textcomp.sty
(/usr/share/texlive/texmf-dist/tex/latex/base/ts1enc.def))
(/usr/share/texlive/texmf-dist/tex/latex/base/fontenc.sty
(/usr/share/texlive/texmf-dist/tex/latex/base/t1enc.def))
(/usr/share/texlive/texmf-dist/tex/latex/psnfss/times.sty)
(/usr/share/texlive/texmf-dist/tex/latex/inconsolata/zi4.sty
(/usr/share/texlive/texmf-dist/tex/latex/graphics/keyval.sty))
(/usr/share/texlive/texmf-dist/tex/latex/graphics/color.sty
(/etc/texmf/tex/latex/config/color.cfg)
(/usr/share/texlive/texmf-dist/tex/latex/pdftex-def/pdftex.def
(/usr/share/texlive/texmf-dist/tex/generic/oberdiek/infwarerr.sty)
(/usr/share/texlive/texmf-dist/tex/generic/oberdiek/ltxcmds.sty)))
(/usr/share/texlive/texmf-dist/tex/latex/hyperref/hyperref.sty
(/usr/share/texlive/texmf-dist/tex/generic/oberdiek/hobsub-hyperref.sty
(/usr/share/texlive/texmf-dist/tex/generic/oberdiek/hobsub-generic.sty))
(/usr/share/texlive/texmf-dist/tex/generic/ifxetex/ifxetex.sty)
(/usr/share/texlive/texmf-dist/tex/latex/oberdiek/auxhook.sty)
(/usr/share/texlive/texmf-dist/tex/latex/oberdiek/kvoptions.sty)
(/usr/share/texlive/texmf-dist/tex/latex/hyperref/pd1enc.def)
(/usr/share/texlive/texmf-dist/tex/latex/latexconfig/hyperref.cfg))

Package hyperref Message: Driver (autodetected): hpdftex.

(/usr/share/texlive/texmf-dist/tex/latex/hyperref/hpdftex.def
(/usr/share/texlive/texmf-dist/tex/latex/oberdiek/rerunfilecheck.sty))

Package hyperref Warning: Option `hyperindex' has already been used,
(hyperref)                setting the option has no effect on input line 366.


Package hyperref Warning: Option `pagebackref' has already been used,
(hyperref)                setting the option has no effect on input line 366.

) (/usr/share/texlive/texmf-dist/tex/latex/base/makeidx.sty)
(/usr/share/texlive/texmf-dist/tex/latex/base/inputenc.sty
(/usr/share/texlive/texmf-dist/tex/latex/base/utf8.def
(/usr/share/texlive/texmf-dist/tex/latex/base/t1enc.dfu)
(/usr/share/texlive/texmf-dist/tex/latex/base/ot1enc.dfu)
(/usr/share/texlive/texmf-dist/tex/latex/base/omsenc.dfu)
(/usr/share/texlive/texmf-dist/tex/latex/base/ts1enc.dfu))
(/usr/share/texlive/texmf-dist/tex/latex/base/latin1.def))
Writing index file Rd2.idx
(./Rd2.aux) (/usr/share/texlive/texmf-dist/tex/latex/base/ts1cmr.fd)
(/usr/share/texlive/texmf-dist/tex/latex/psnfss/t1ptm.fd)
(/usr/share/texlive/texmf-dist/tex/context/base/supp-pdf.mkii
[Loading MPS to PDF converter (version 2006.09.02).]
) (/usr/share/texlive/texmf-dist/tex/latex/hyperref/nameref.sty
(/usr/share/texlive/texmf-dist/tex/generic/oberdiek/gettitlestring.sty))
(./Rd2.out) (./Rd2.out)
(/usr/share/texlive/texmf-dist/tex/latex/inconsolata/t1zi4.fd)
(/usr/share/texlive/texmf-dist/tex/latex/psnfss/ts1ptm.fd)
(/usr/share/texlive/texmf-dist/tex/latex/psnfss/t1phv.fd) (./Rd2.toc [1{/var/li
b/texmf/fonts/map/pdftex/updmap/pdftex.map}] [2])
(/usr/share/texlive/texmf-dist/tex/latex/base/utf8.def)
Overfull \hbox (25.57823pt too wide) in paragraph at lines 37--38
\T1/ptm/m/n/10 (Pa-pas-ta-moulis (2019) <DOI:10.1007/s11222-019-09891-z> (2018)
 <DOI:10.1016/j.csda.2018.03.007>).
[3]
Overfull \hbox (40.3775pt too wide) in paragraph at lines 51--52
[]\T1/ptm/m/n/10 McNicholas, P.D. and Mur-phy, T.B. Statis-tics and Com-put-ing
 (2008) 18: 285. https://doi.org/10.1007/s11222-

Overfull \hbox (54.50716pt too wide) in paragraph at lines 61--62
\T1/ptm/m/n/10 ber of com-po-nents. Com-pu-ta-tional Statis-tics and Data Anal-
y-sis, 124: 220-234. DOI: 10.1016/j.csda.2018.03.007. 
(/usr/share/texlive/texmf-dist/tex/latex/inconsolata/ts1zi4.fd) [4]
Underfull \vbox (badness 10000) has occurred while \output is active [5]
(/usr/share/texlive/texmf-dist/tex/latex/base/utf8.def) [6]
(/usr/share/texlive/texmf-dist/tex/latex/base/utf8.def) [7]
(/usr/share/texlive/texmf-dist/tex/latex/base/utf8.def) [8]
(/usr/share/texlive/texmf-dist/tex/latex/base/utf8.def) [9]
(/usr/share/texlive/texmf-dist/tex/latex/base/utf8.def) [10]
(/usr/share/texlive/texmf-dist/tex/latex/base/utf8.def) [11] [12]
(/usr/share/texlive/texmf-dist/tex/latex/base/utf8.def) [13] [14]
(/usr/share/texlive/texmf-dist/tex/latex/base/utf8.def)
(/usr/share/texlive/texmf-dist/tex/latex/base/utf8.def) [15]
(/usr/share/texlive/texmf-dist/tex/latex/base/utf8.def) [16] [17]
(/usr/share/texlive/texmf-dist/tex/latex/base/utf8.def) [18]
(/usr/share/texlive/texmf-dist/tex/latex/base/utf8.def) [19]
(/usr/share/texlive/texmf-dist/tex/latex/base/utf8.def) [20]
(/usr/share/texlive/texmf-dist/tex/latex/base/utf8.def) [21]
(/usr/share/texlive/texmf-dist/tex/latex/base/utf8.def)
(/usr/share/texlive/texmf-dist/tex/latex/base/utf8.def)
Overfull \hbox (21.31825pt too wide) in paragraph at lines 1132--1133
[]\T1/ptm/m/n/10 This func-tions is a wrap-per for the \T1/zi4/m/n/10 label.swi
tching \T1/ptm/m/n/10 pack-age and ap-plies the \T1/zi4/m/n/10 ECR \T1/ptm/m/n/
10 and \T1/zi4/m/n/10 ECR.ITERATIVE.1
[22] (/usr/share/texlive/texmf-dist/tex/latex/base/utf8.def) [23]
Overfull \hbox (13.21764pt too wide) in paragraph at lines 1205--1206
[]\T1/ptm/m/n/10 The num-ber of par-al-lel heated chains. When `dirPri-o-rAl-ph
as` is sup-plied, `nChains`

Overfull \hbox (36.41983pt too wide) in paragraph at lines 1208--1209
\T1/ptm/m/n/10 re-spond-ing chain. De-fault: \T1/zi4/m/n/10 dirPriorAlphas = c(
1, 1 + dN*(2:nChains - 1))/Kmax\T1/ptm/m/n/10 ,

Overfull \hbox (2.02823pt too wide) in paragraph at lines 1241--1242
[]\T1/ptm/m/n/10 Should the ob-served data be nor-mal-ized? De-fault value: TRU
E. (Rec-om-mended) 
[24] [25] [26]
Overfull \hbox (54.50716pt too wide) in paragraph at lines 1338--1339
\T1/ptm/m/n/10 ber of com-po-nents. Com-pu-ta-tional Statis-tics and Data Anal-
y-sis, 124: 220-234. DOI: 10.1016/j.csda.2018.03.007. 
[27]
Underfull \vbox (badness 10000) has occurred while \output is active [28]
(/usr/share/texlive/texmf-dist/tex/latex/base/utf8.def) [29]
Overfull \hbox (8.33775pt too wide) in paragraph at lines 1537--1538
\T1/ptm/m/n/10 iden-ti-fi-able due to la-bel switch-ing and the user has to sub
-se-quently call the \T1/zi4/m/n/10 dealWithLabelSwitching
(/usr/share/texlive/texmf-dist/tex/latex/base/utf8.def) [30] [31]
Overfull \hbox (8.33775pt too wide) in paragraph at lines 1647--1648
\T1/ptm/m/n/10 iden-ti-fi-able due to la-bel switch-ing and the user has to sub
-se-quently call the \T1/zi4/m/n/10 dealWithLabelSwitching
(/usr/share/texlive/texmf-dist/tex/latex/base/utf8.def) [32]
Overfull \hbox (8.33775pt too wide) in paragraph at lines 1750--1751
\T1/ptm/m/n/10 iden-ti-fi-able due to la-bel switch-ing and the user has to sub
-se-quently call the \T1/zi4/m/n/10 dealWithLabelSwitching
[33] (/usr/share/texlive/texmf-dist/tex/latex/base/utf8.def)
Overfull \hbox (23.78088pt too wide) in paragraph at lines 1765--1765
 []\T1/zi4/m/n/10 fabMix_parallelModels(model, nChains, dirPriorAlphas, rawData
, outDir, Kmax, mCycles,[] 

Overfull \hbox (13.21764pt too wide) in paragraph at lines 1779--1780
[]\T1/ptm/m/n/10 The num-ber of par-al-lel heated chains. When `dirPri-o-rAl-ph
as` is sup-plied, `nChains`

Overfull \hbox (36.41983pt too wide) in paragraph at lines 1782--1783
\T1/ptm/m/n/10 re-spond-ing chain. De-fault: \T1/zi4/m/n/10 dirPriorAlphas = c(
1, 1 + dN*(2:nChains - 1))/Kmax\T1/ptm/m/n/10 ,
[34]
Overfull \hbox (2.02823pt too wide) in paragraph at lines 1815--1816
[]\T1/ptm/m/n/10 Should the ob-served data be nor-mal-ized? De-fault value: TRU
E. (Rec-om-mended) 
(/usr/share/texlive/texmf-dist/tex/latex/base/utf8.def) [35] [36]
Overfull \hbox (8.33775pt too wide) in paragraph at lines 1967--1968
\T1/ptm/m/n/10 iden-ti-fi-able due to la-bel switch-ing and the user has to sub
-se-quently call the \T1/zi4/m/n/10 dealWithLabelSwitching
(/usr/share/texlive/texmf-dist/tex/latex/base/utf8.def) [37]
Overfull \hbox (8.33775pt too wide) in paragraph at lines 2077--2078
\T1/ptm/m/n/10 iden-ti-fi-able due to la-bel switch-ing and the user has to sub
-se-quently call the \T1/zi4/m/n/10 dealWithLabelSwitching
[38] (/usr/share/texlive/texmf-dist/tex/latex/base/utf8.def) [39]
(/usr/share/texlive/texmf-dist/tex/latex/base/utf8.def)
(/usr/share/texlive/texmf-dist/tex/latex/base/utf8.def) [40]
(/usr/share/texlive/texmf-dist/tex/latex/base/utf8.def) [41]
(/usr/share/texlive/texmf-dist/tex/latex/base/utf8.def) [42]
(/usr/share/texlive/texmf-dist/tex/latex/base/utf8.def) [43]
(/usr/share/texlive/texmf-dist/tex/latex/base/utf8.def) [44]
(/usr/share/texlive/texmf-dist/tex/latex/base/utf8.def) [45]
(/usr/share/texlive/texmf-dist/tex/latex/base/utf8.def) [46] [47]
(/usr/share/texlive/texmf-dist/tex/latex/base/utf8.def) [48]
(/usr/share/texlive/texmf-dist/tex/latex/base/utf8.def) [49] [50]
(/usr/share/texlive/texmf-dist/tex/latex/base/utf8.def) [51]
(/usr/share/texlive/texmf-dist/tex/latex/base/utf8.def) [52]
Overfull \hbox (40.78088pt too wide) in paragraph at lines 2999--2999
 []\T1/zi4/m/n/10 overfittingMFA_missing_values(missing_entries, x_data, origin
alX, outputDirectory, Kmax,[] 
[53] (/usr/share/texlive/texmf-dist/tex/latex/base/utf8.def) [54]
(/usr/share/texlive/texmf-dist/tex/latex/base/utf8.def) [55]
(/usr/share/texlive/texmf-dist/tex/latex/base/utf8.def) [56] [57]
(/usr/share/texlive/texmf-dist/tex/latex/base/utf8.def) [58]
(/usr/share/texlive/texmf-dist/tex/latex/base/utf8.def) [59]
Overfull \hbox (65.78088pt too wide) in paragraph at lines 3481--3481
 []\T1/zi4/m/n/10 g, h, alpha_prior, alpha_sigma, beta_sigma, start_values, q, 
zStart, gibbs_z, lowerTriangular)[] 
(/usr/share/texlive/texmf-dist/tex/latex/base/utf8.def) [60]
Overfull \hbox (23.78088pt too wide) in paragraph at lines 3557--3557
 []\T1/zi4/m/n/10 overfitting_q0_sameSigma(x_data, originalX, outputDirectory, 
Kmax, m, thinning, burn,[] 

Overfull \hbox (65.78088pt too wide) in paragraph at lines 3558--3558
 []\T1/zi4/m/n/10 g, h, alpha_prior, alpha_sigma, beta_sigma, start_values, q, 
zStart, gibbs_z, lowerTriangular)[] 
(/usr/share/texlive/texmf-dist/tex/latex/base/utf8.def) [61] [62]
(/usr/share/texlive/texmf-dist/tex/latex/base/utf8.def)
(/usr/share/texlive/texmf-dist/tex/latex/base/utf8.def) [63]
(/usr/share/texlive/texmf-dist/tex/latex/base/utf8.def)
Overfull \hbox (31.78088pt too wide) in paragraph at lines 3759--3759
 []\T1/zi4/m/n/10 simData(sameSigma, sameLambda, p, q, K.true, n, loading_means
, loading_sd, sINV_values)[] 
[64] (/usr/share/texlive/texmf-dist/tex/latex/base/utf8.def) [65] [66]
(/usr/share/texlive/texmf-dist/tex/latex/base/utf8.def) [67]
(/usr/share/texlive/texmf-dist/tex/latex/base/utf8.def) [68]
(/usr/share/texlive/texmf-dist/tex/latex/base/utf8.def) [69]
Overfull \hbox (17.88098pt too wide) in paragraph at lines 4119--4119
 []        \T1/zi4/m/n/9 diag(SigmaINV[k,,]) <- 1/diag(syntheticDataset$varianc
e) + rgamma(p, shape=1, rate = 1)[] 
(/usr/share/texlive/texmf-dist/tex/latex/base/utf8.def)

LaTeX Warning: Command \textasciicircum invalid in math mode on input line 4132
.

[70]
Overfull \hbox (17.88098pt too wide) in paragraph at lines 4183--4183
 []        \T1/zi4/m/n/9 diag(SigmaINV[k,,]) <- 1/diag(syntheticDataset$varianc
e) + rgamma(p, shape=1, rate = 1)[] 
(/usr/share/texlive/texmf-dist/tex/latex/base/utf8.def)

LaTeX Warning: Command \textasciicircum invalid in math mode on input line 4193
.

[71]
Overfull \hbox (17.88098pt too wide) in paragraph at lines 4244--4244
 []        \T1/zi4/m/n/9 diag(SigmaINV[k,,]) <- 1/diag(syntheticDataset$varianc
e) + rgamma(p, shape=1, rate = 1)[] 
(/usr/share/texlive/texmf-dist/tex/latex/base/utf8.def)

LaTeX Warning: Command \textasciicircum invalid in math mode on input line 4256
.

[72] (/usr/share/texlive/texmf-dist/tex/latex/base/utf8.def)

LaTeX Warning: Command \textasciicircum invalid in math mode on input line 4330
.

[73] (/usr/share/texlive/texmf-dist/tex/latex/base/utf8.def)

LaTeX Warning: Command \textasciicircum invalid in math mode on input line 4373
.

(/usr/share/texlive/texmf-dist/tex/latex/base/utf8.def)

LaTeX Warning: Command \textasciicircum invalid in math mode on input line 4416
.

[74] [75] (/usr/share/texlive/texmf-dist/tex/latex/base/utf8.def)

LaTeX Warning: Command \textasciicircum invalid in math mode on input line 4490
.

[76] (/usr/share/texlive/texmf-dist/tex/latex/base/utf8.def)

LaTeX Warning: Command \textasciicircum invalid in math mode on input line 4564
.

[77] (/usr/share/texlive/texmf-dist/tex/latex/base/utf8.def) [78]
(/usr/share/texlive/texmf-dist/tex/latex/base/utf8.def) [79]
(/usr/share/texlive/texmf-dist/tex/latex/base/utf8.def) [80]
(/usr/share/texlive/texmf-dist/tex/latex/base/utf8.def) [81]
(/usr/share/texlive/texmf-dist/tex/latex/base/utf8.def) [82]
(/usr/share/texlive/texmf-dist/tex/latex/base/utf8.def) [83]
(/usr/share/texlive/texmf-dist/tex/latex/base/utf8.def) [84]
(/usr/share/texlive/texmf-dist/tex/latex/base/utf8.def) [85]
(/usr/share/texlive/texmf-dist/tex/latex/base/utf8.def)
Overfull \hbox (6.77829pt too wide) in paragraph at lines 5148--5149
[]\T1/ptm/m/n/10 Lichman, M. (2013). UCI Ma-chine Learn-ing Repos-i-tory [][]$\
T1/zi4/m/n/10 http : / / archive . ics . uci . edu / ml$[][]\T1/ptm/m/n/10 . Ir
vine,
(./Rd2.ind [86]
Overfull \hbox (3.3567pt too wide) in paragraph at lines 15--17
[]\T1/zi4/m/n/10 compute_A_B_G_D_and_simulate_mu_Lambda\T1/ptm/m/n/10 , 

Overfull \hbox (23.3567pt too wide) in paragraph at lines 17--19
[]\T1/zi4/m/n/10 compute_A_B_G_D_and_simulate_mu_Lambda_CCU\T1/ptm/m/n/10 , 

Overfull \hbox (23.3567pt too wide) in paragraph at lines 19--21
[]\T1/zi4/m/n/10 compute_A_B_G_D_and_simulate_mu_Lambda_CUU\T1/ptm/m/n/10 , 

Overfull \hbox (18.3567pt too wide) in paragraph at lines 21--23
[]\T1/zi4/m/n/10 compute_A_B_G_D_and_simulate_mu_Lambda_q0\T1/ptm/m/n/10 , 

Overfull \hbox (68.3567pt too wide) in paragraph at lines 23--25
[]\T1/zi4/m/n/10 compute_A_B_G_D_and_simulate_mu_Lambda_q0_sameSigma\T1/ptm/m/n
/10 , 

Overfull \hbox (18.3567pt too wide) in paragraph at lines 25--27
[]\T1/zi4/m/n/10 compute_A_B_G_D_and_simulate_mu_Lambda_Sj\T1/ptm/m/n/10 , 

Overfull \hbox (3.3567pt too wide) in paragraph at lines 28--30
[]\T1/zi4/m/n/10 compute_sufficient_statistics_given_mu\T1/ptm/m/n/10 , 
[87] [88]) (./Rd2.aux)

Package rerunfilecheck Warning: File `Rd2.out' has changed.
(rerunfilecheck)                Rerun to get outlines right
(rerunfilecheck)                or use package `bookmark'.

 )
(see the transcript file for additional information){/usr/share/texlive/texmf-d
ist/fonts/enc/dvips/inconsolata/i4-ts1.enc}{/usr/share/texlive/texmf-dist/fonts
/enc/dvips/base/8r.enc}{/usr/share/texlive/texmf-dist/fonts/enc/dvips/inconsola
ta/i4-t1-0.enc}</usr/share/texlive/texmf-dist/fonts/type1/public/inconsolata/In
consolata-zi4r.pfb></usr/share/texlive/texmf-dist/fonts/type1/public/amsfonts/c
m/cmbx10.pfb></usr/share/texlive/texmf-dist/fonts/type1/public/amsfonts/cm/cmmi
10.pfb></usr/share/texlive/texmf-dist/fonts/type1/public/amsfonts/cm/cmmi7.pfb>
</usr/share/texlive/texmf-dist/fonts/type1/public/amsfonts/cm/cmmib10.pfb></usr
/share/texlive/texmf-dist/fonts/type1/public/amsfonts/cm/cmr10.pfb></usr/share/
texlive/texmf-dist/fonts/type1/public/amsfonts/cm/cmr7.pfb></usr/share/texlive/
texmf-dist/fonts/type1/public/amsfonts/cm/cmsy10.pfb></usr/share/texlive/texmf-
dist/fonts/type1/public/amsfonts/cm/cmsy7.pfb></usr/share/texlive/texmf-dist/fo
nts/type1/urw/helvetic/uhvr8a.pfb></usr/share/texlive/texmf-dist/fonts/type1/ur
w/times/utmb8a.pfb></usr/share/texlive/texmf-dist/fonts/type1/urw/times/utmr8a.
pfb></usr/share/texlive/texmf-dist/fonts/type1/urw/times/utmr8a.pfb></usr/share
/texlive/texmf-dist/fonts/type1/urw/times/utmri8a.pfb>
Output written on Rd2.pdf (88 pages, 456281 bytes).
Transcript written on Rd2.log.
This is makeindex, version 2.15 [TeX Live 2013] (kpathsea + Thai support).
Scanning input file Rd2.idx....done (85 entries accepted, 0 rejected).
Sorting entries....done (595 comparisons).
Generating output file Rd2.ind....done (129 lines written, 0 warnings).
Output written in Rd2.ind.
Transcript written in Rd2.ilg.
This is pdfTeX, Version 3.1415926-2.5-1.40.14 (TeX Live 2013/Debian)
 restricted \write18 enabled.
entering extended mode
LaTeX2e <2011/06/27>
Babel <3.9h> and hyphenation patterns for 78 languages loaded.
(./Rd2.tex
(/usr/share/texlive/texmf-dist/tex/latex/base/book.cls
Document Class: book 2007/10/19 v1.4h Standard LaTeX document class
(/usr/share/texlive/texmf-dist/tex/latex/base/bk10.clo))
(/usr/share/R/share/texmf/tex/latex/Rd.sty
(/usr/share/texlive/texmf-dist/tex/latex/base/ifthen.sty)
(/usr/share/texlive/texmf-dist/tex/latex/tools/longtable.sty)
(/usr/share/texlive/texmf-dist/tex/latex/tools/bm.sty)
(/usr/share/texlive/texmf-dist/tex/latex/base/alltt.sty)
(/usr/share/texlive/texmf-dist/tex/latex/tools/verbatim.sty)
(/usr/share/texlive/texmf-dist/tex/latex/url/url.sty)
(/usr/share/texlive/texmf-dist/tex/latex/base/textcomp.sty
(/usr/share/texlive/texmf-dist/tex/latex/base/ts1enc.def))
(/usr/share/texlive/texmf-dist/tex/latex/base/fontenc.sty
(/usr/share/texlive/texmf-dist/tex/latex/base/t1enc.def))
(/usr/share/texlive/texmf-dist/tex/latex/psnfss/times.sty)
(/usr/share/texlive/texmf-dist/tex/latex/inconsolata/zi4.sty
(/usr/share/texlive/texmf-dist/tex/latex/graphics/keyval.sty))
(/usr/share/texlive/texmf-dist/tex/latex/graphics/color.sty
(/etc/texmf/tex/latex/config/color.cfg)
(/usr/share/texlive/texmf-dist/tex/latex/pdftex-def/pdftex.def
(/usr/share/texlive/texmf-dist/tex/generic/oberdiek/infwarerr.sty)
(/usr/share/texlive/texmf-dist/tex/generic/oberdiek/ltxcmds.sty)))
(/usr/share/texlive/texmf-dist/tex/latex/hyperref/hyperref.sty
(/usr/share/texlive/texmf-dist/tex/generic/oberdiek/hobsub-hyperref.sty
(/usr/share/texlive/texmf-dist/tex/generic/oberdiek/hobsub-generic.sty))
(/usr/share/texlive/texmf-dist/tex/generic/ifxetex/ifxetex.sty)
(/usr/share/texlive/texmf-dist/tex/latex/oberdiek/auxhook.sty)
(/usr/share/texlive/texmf-dist/tex/latex/oberdiek/kvoptions.sty)
(/usr/share/texlive/texmf-dist/tex/latex/hyperref/pd1enc.def)
(/usr/share/texlive/texmf-dist/tex/latex/latexconfig/hyperref.cfg))

Package hyperref Message: Driver (autodetected): hpdftex.

(/usr/share/texlive/texmf-dist/tex/latex/hyperref/hpdftex.def
(/usr/share/texlive/texmf-dist/tex/latex/oberdiek/rerunfilecheck.sty))

Package hyperref Warning: Option `hyperindex' has already been used,
(hyperref)                setting the option has no effect on input line 366.


Package hyperref Warning: Option `pagebackref' has already been used,
(hyperref)                setting the option has no effect on input line 366.

) (/usr/share/texlive/texmf-dist/tex/latex/base/makeidx.sty)
(/usr/share/texlive/texmf-dist/tex/latex/base/inputenc.sty
(/usr/share/texlive/texmf-dist/tex/latex/base/utf8.def
(/usr/share/texlive/texmf-dist/tex/latex/base/t1enc.dfu)
(/usr/share/texlive/texmf-dist/tex/latex/base/ot1enc.dfu)
(/usr/share/texlive/texmf-dist/tex/latex/base/omsenc.dfu)
(/usr/share/texlive/texmf-dist/tex/latex/base/ts1enc.dfu))
(/usr/share/texlive/texmf-dist/tex/latex/base/latin1.def))
Writing index file Rd2.idx
(./Rd2.aux) (/usr/share/texlive/texmf-dist/tex/latex/base/ts1cmr.fd)
(/usr/share/texlive/texmf-dist/tex/latex/psnfss/t1ptm.fd)
(/usr/share/texlive/texmf-dist/tex/context/base/supp-pdf.mkii
[Loading MPS to PDF converter (version 2006.09.02).]
) (/usr/share/texlive/texmf-dist/tex/latex/hyperref/nameref.sty
(/usr/share/texlive/texmf-dist/tex/generic/oberdiek/gettitlestring.sty))
(./Rd2.out) (./Rd2.out)
(/usr/share/texlive/texmf-dist/tex/latex/inconsolata/t1zi4.fd)
(/usr/share/texlive/texmf-dist/tex/latex/psnfss/ts1ptm.fd)
(/usr/share/texlive/texmf-dist/tex/latex/psnfss/t1phv.fd) (./Rd2.toc [1{/var/li
b/texmf/fonts/map/pdftex/updmap/pdftex.map}] [2])
(/usr/share/texlive/texmf-dist/tex/latex/base/utf8.def)
Overfull \hbox (25.57823pt too wide) in paragraph at lines 37--38
\T1/ptm/m/n/10 (Pa-pas-ta-moulis (2019) <DOI:10.1007/s11222-019-09891-z> (2018)
 <DOI:10.1016/j.csda.2018.03.007>).
[3]
Overfull \hbox (40.3775pt too wide) in paragraph at lines 51--52
[]\T1/ptm/m/n/10 McNicholas, P.D. and Mur-phy, T.B. Statis-tics and Com-put-ing
 (2008) 18: 285. https://doi.org/10.1007/s11222-

Overfull \hbox (54.50716pt too wide) in paragraph at lines 61--62
\T1/ptm/m/n/10 ber of com-po-nents. Com-pu-ta-tional Statis-tics and Data Anal-
y-sis, 124: 220-234. DOI: 10.1016/j.csda.2018.03.007. 
(/usr/share/texlive/texmf-dist/tex/latex/inconsolata/ts1zi4.fd) [4]
Underfull \vbox (badness 10000) has occurred while \output is active [5]
(/usr/share/texlive/texmf-dist/tex/latex/base/utf8.def) [6]
(/usr/share/texlive/texmf-dist/tex/latex/base/utf8.def) [7]
(/usr/share/texlive/texmf-dist/tex/latex/base/utf8.def) [8]
(/usr/share/texlive/texmf-dist/tex/latex/base/utf8.def) [9]
(/usr/share/texlive/texmf-dist/tex/latex/base/utf8.def) [10]
(/usr/share/texlive/texmf-dist/tex/latex/base/utf8.def) [11] [12]
(/usr/share/texlive/texmf-dist/tex/latex/base/utf8.def) [13] [14]
(/usr/share/texlive/texmf-dist/tex/latex/base/utf8.def)
(/usr/share/texlive/texmf-dist/tex/latex/base/utf8.def) [15]
(/usr/share/texlive/texmf-dist/tex/latex/base/utf8.def) [16] [17]
(/usr/share/texlive/texmf-dist/tex/latex/base/utf8.def) [18]
(/usr/share/texlive/texmf-dist/tex/latex/base/utf8.def) [19]
(/usr/share/texlive/texmf-dist/tex/latex/base/utf8.def) [20]
(/usr/share/texlive/texmf-dist/tex/latex/base/utf8.def) [21]
(/usr/share/texlive/texmf-dist/tex/latex/base/utf8.def)
(/usr/share/texlive/texmf-dist/tex/latex/base/utf8.def)
Overfull \hbox (21.31825pt too wide) in paragraph at lines 1132--1133
[]\T1/ptm/m/n/10 This func-tions is a wrap-per for the \T1/zi4/m/n/10 label.swi
tching \T1/ptm/m/n/10 pack-age and ap-plies the \T1/zi4/m/n/10 ECR \T1/ptm/m/n/
10 and \T1/zi4/m/n/10 ECR.ITERATIVE.1
[22] (/usr/share/texlive/texmf-dist/tex/latex/base/utf8.def) [23]
Overfull \hbox (13.21764pt too wide) in paragraph at lines 1205--1206
[]\T1/ptm/m/n/10 The num-ber of par-al-lel heated chains. When `dirPri-o-rAl-ph
as` is sup-plied, `nChains`

Overfull \hbox (36.41983pt too wide) in paragraph at lines 1208--1209
\T1/ptm/m/n/10 re-spond-ing chain. De-fault: \T1/zi4/m/n/10 dirPriorAlphas = c(
1, 1 + dN*(2:nChains - 1))/Kmax\T1/ptm/m/n/10 ,

Overfull \hbox (2.02823pt too wide) in paragraph at lines 1241--1242
[]\T1/ptm/m/n/10 Should the ob-served data be nor-mal-ized? De-fault value: TRU
E. (Rec-om-mended) 
[24] [25] [26]
Overfull \hbox (54.50716pt too wide) in paragraph at lines 1338--1339
\T1/ptm/m/n/10 ber of com-po-nents. Com-pu-ta-tional Statis-tics and Data Anal-
y-sis, 124: 220-234. DOI: 10.1016/j.csda.2018.03.007. 
[27]
Underfull \vbox (badness 10000) has occurred while \output is active [28]
(/usr/share/texlive/texmf-dist/tex/latex/base/utf8.def) [29]
Overfull \hbox (8.33775pt too wide) in paragraph at lines 1537--1538
\T1/ptm/m/n/10 iden-ti-fi-able due to la-bel switch-ing and the user has to sub
-se-quently call the \T1/zi4/m/n/10 dealWithLabelSwitching
(/usr/share/texlive/texmf-dist/tex/latex/base/utf8.def) [30] [31]
Overfull \hbox (8.33775pt too wide) in paragraph at lines 1647--1648
\T1/ptm/m/n/10 iden-ti-fi-able due to la-bel switch-ing and the user has to sub
-se-quently call the \T1/zi4/m/n/10 dealWithLabelSwitching
(/usr/share/texlive/texmf-dist/tex/latex/base/utf8.def) [32]
Overfull \hbox (8.33775pt too wide) in paragraph at lines 1750--1751
\T1/ptm/m/n/10 iden-ti-fi-able due to la-bel switch-ing and the user has to sub
-se-quently call the \T1/zi4/m/n/10 dealWithLabelSwitching
[33] (/usr/share/texlive/texmf-dist/tex/latex/base/utf8.def)
Overfull \hbox (23.78088pt too wide) in paragraph at lines 1765--1765
 []\T1/zi4/m/n/10 fabMix_parallelModels(model, nChains, dirPriorAlphas, rawData
, outDir, Kmax, mCycles,[] 

Overfull \hbox (13.21764pt too wide) in paragraph at lines 1779--1780
[]\T1/ptm/m/n/10 The num-ber of par-al-lel heated chains. When `dirPri-o-rAl-ph
as` is sup-plied, `nChains`

Overfull \hbox (36.41983pt too wide) in paragraph at lines 1782--1783
\T1/ptm/m/n/10 re-spond-ing chain. De-fault: \T1/zi4/m/n/10 dirPriorAlphas = c(
1, 1 + dN*(2:nChains - 1))/Kmax\T1/ptm/m/n/10 ,
[34]
Overfull \hbox (2.02823pt too wide) in paragraph at lines 1815--1816
[]\T1/ptm/m/n/10 Should the ob-served data be nor-mal-ized? De-fault value: TRU
E. (Rec-om-mended) 
(/usr/share/texlive/texmf-dist/tex/latex/base/utf8.def) [35] [36]
Overfull \hbox (8.33775pt too wide) in paragraph at lines 1967--1968
\T1/ptm/m/n/10 iden-ti-fi-able due to la-bel switch-ing and the user has to sub
-se-quently call the \T1/zi4/m/n/10 dealWithLabelSwitching
(/usr/share/texlive/texmf-dist/tex/latex/base/utf8.def) [37]
Overfull \hbox (8.33775pt too wide) in paragraph at lines 2077--2078
\T1/ptm/m/n/10 iden-ti-fi-able due to la-bel switch-ing and the user has to sub
-se-quently call the \T1/zi4/m/n/10 dealWithLabelSwitching
[38] (/usr/share/texlive/texmf-dist/tex/latex/base/utf8.def) [39]
(/usr/share/texlive/texmf-dist/tex/latex/base/utf8.def)
(/usr/share/texlive/texmf-dist/tex/latex/base/utf8.def) [40]
(/usr/share/texlive/texmf-dist/tex/latex/base/utf8.def) [41]
(/usr/share/texlive/texmf-dist/tex/latex/base/utf8.def) [42]
(/usr/share/texlive/texmf-dist/tex/latex/base/utf8.def) [43]
(/usr/share/texlive/texmf-dist/tex/latex/base/utf8.def) [44]
(/usr/share/texlive/texmf-dist/tex/latex/base/utf8.def) [45]
(/usr/share/texlive/texmf-dist/tex/latex/base/utf8.def) [46] [47]
(/usr/share/texlive/texmf-dist/tex/latex/base/utf8.def) [48]
(/usr/share/texlive/texmf-dist/tex/latex/base/utf8.def) [49] [50]
(/usr/share/texlive/texmf-dist/tex/latex/base/utf8.def) [51]
(/usr/share/texlive/texmf-dist/tex/latex/base/utf8.def) [52]
Overfull \hbox (40.78088pt too wide) in paragraph at lines 2999--2999
 []\T1/zi4/m/n/10 overfittingMFA_missing_values(missing_entries, x_data, origin
alX, outputDirectory, Kmax,[] 
[53] (/usr/share/texlive/texmf-dist/tex/latex/base/utf8.def) [54]
(/usr/share/texlive/texmf-dist/tex/latex/base/utf8.def) [55]
(/usr/share/texlive/texmf-dist/tex/latex/base/utf8.def) [56] [57]
(/usr/share/texlive/texmf-dist/tex/latex/base/utf8.def) [58]
(/usr/share/texlive/texmf-dist/tex/latex/base/utf8.def) [59]
Overfull \hbox (65.78088pt too wide) in paragraph at lines 3481--3481
 []\T1/zi4/m/n/10 g, h, alpha_prior, alpha_sigma, beta_sigma, start_values, q, 
zStart, gibbs_z, lowerTriangular)[] 
(/usr/share/texlive/texmf-dist/tex/latex/base/utf8.def) [60]
Overfull \hbox (23.78088pt too wide) in paragraph at lines 3557--3557
 []\T1/zi4/m/n/10 overfitting_q0_sameSigma(x_data, originalX, outputDirectory, 
Kmax, m, thinning, burn,[] 

Overfull \hbox (65.78088pt too wide) in paragraph at lines 3558--3558
 []\T1/zi4/m/n/10 g, h, alpha_prior, alpha_sigma, beta_sigma, start_values, q, 
zStart, gibbs_z, lowerTriangular)[] 
(/usr/share/texlive/texmf-dist/tex/latex/base/utf8.def) [61] [62]
(/usr/share/texlive/texmf-dist/tex/latex/base/utf8.def)
(/usr/share/texlive/texmf-dist/tex/latex/base/utf8.def) [63]
(/usr/share/texlive/texmf-dist/tex/latex/base/utf8.def)
Overfull \hbox (31.78088pt too wide) in paragraph at lines 3759--3759
 []\T1/zi4/m/n/10 simData(sameSigma, sameLambda, p, q, K.true, n, loading_means
, loading_sd, sINV_values)[] 
[64] (/usr/share/texlive/texmf-dist/tex/latex/base/utf8.def) [65] [66]
(/usr/share/texlive/texmf-dist/tex/latex/base/utf8.def) [67]
(/usr/share/texlive/texmf-dist/tex/latex/base/utf8.def) [68]
(/usr/share/texlive/texmf-dist/tex/latex/base/utf8.def) [69]
Overfull \hbox (17.88098pt too wide) in paragraph at lines 4119--4119
 []        \T1/zi4/m/n/9 diag(SigmaINV[k,,]) <- 1/diag(syntheticDataset$varianc
e) + rgamma(p, shape=1, rate = 1)[] 
(/usr/share/texlive/texmf-dist/tex/latex/base/utf8.def)

LaTeX Warning: Command \textasciicircum invalid in math mode on input line 4132
.

[70]
Overfull \hbox (17.88098pt too wide) in paragraph at lines 4183--4183
 []        \T1/zi4/m/n/9 diag(SigmaINV[k,,]) <- 1/diag(syntheticDataset$varianc
e) + rgamma(p, shape=1, rate = 1)[] 
(/usr/share/texlive/texmf-dist/tex/latex/base/utf8.def)

LaTeX Warning: Command \textasciicircum invalid in math mode on input line 4193
.

[71]
Overfull \hbox (17.88098pt too wide) in paragraph at lines 4244--4244
 []        \T1/zi4/m/n/9 diag(SigmaINV[k,,]) <- 1/diag(syntheticDataset$varianc
e) + rgamma(p, shape=1, rate = 1)[] 
(/usr/share/texlive/texmf-dist/tex/latex/base/utf8.def)

LaTeX Warning: Command \textasciicircum invalid in math mode on input line 4256
.

[72] (/usr/share/texlive/texmf-dist/tex/latex/base/utf8.def)

LaTeX Warning: Command \textasciicircum invalid in math mode on input line 4330
.

[73] (/usr/share/texlive/texmf-dist/tex/latex/base/utf8.def)

LaTeX Warning: Command \textasciicircum invalid in math mode on input line 4373
.

(/usr/share/texlive/texmf-dist/tex/latex/base/utf8.def)

LaTeX Warning: Command \textasciicircum invalid in math mode on input line 4416
.

[74] [75] (/usr/share/texlive/texmf-dist/tex/latex/base/utf8.def)

LaTeX Warning: Command \textasciicircum invalid in math mode on input line 4490
.

[76] (/usr/share/texlive/texmf-dist/tex/latex/base/utf8.def)

LaTeX Warning: Command \textasciicircum invalid in math mode on input line 4564
.

[77] (/usr/share/texlive/texmf-dist/tex/latex/base/utf8.def) [78]
(/usr/share/texlive/texmf-dist/tex/latex/base/utf8.def) [79]
(/usr/share/texlive/texmf-dist/tex/latex/base/utf8.def) [80]
(/usr/share/texlive/texmf-dist/tex/latex/base/utf8.def) [81]
(/usr/share/texlive/texmf-dist/tex/latex/base/utf8.def) [82]
(/usr/share/texlive/texmf-dist/tex/latex/base/utf8.def) [83]
(/usr/share/texlive/texmf-dist/tex/latex/base/utf8.def) [84]
(/usr/share/texlive/texmf-dist/tex/latex/base/utf8.def) [85]
(/usr/share/texlive/texmf-dist/tex/latex/base/utf8.def)
Overfull \hbox (6.77829pt too wide) in paragraph at lines 5148--5149
[]\T1/ptm/m/n/10 Lichman, M. (2013). UCI Ma-chine Learn-ing Repos-i-tory [][]$\
T1/zi4/m/n/10 http : / / archive . ics . uci . edu / ml$[][]\T1/ptm/m/n/10 . Ir
vine,
(./Rd2.ind [86]
Overfull \hbox (3.3567pt too wide) in paragraph at lines 15--17
[]\T1/zi4/m/n/10 compute_A_B_G_D_and_simulate_mu_Lambda\T1/ptm/m/n/10 , 

Overfull \hbox (23.3567pt too wide) in paragraph at lines 17--19
[]\T1/zi4/m/n/10 compute_A_B_G_D_and_simulate_mu_Lambda_CCU\T1/ptm/m/n/10 , 

Overfull \hbox (23.3567pt too wide) in paragraph at lines 19--21
[]\T1/zi4/m/n/10 compute_A_B_G_D_and_simulate_mu_Lambda_CUU\T1/ptm/m/n/10 , 

Overfull \hbox (18.3567pt too wide) in paragraph at lines 21--23
[]\T1/zi4/m/n/10 compute_A_B_G_D_and_simulate_mu_Lambda_q0\T1/ptm/m/n/10 , 

Overfull \hbox (68.3567pt too wide) in paragraph at lines 23--25
[]\T1/zi4/m/n/10 compute_A_B_G_D_and_simulate_mu_Lambda_q0_sameSigma\T1/ptm/m/n
/10 , 

Overfull \hbox (18.3567pt too wide) in paragraph at lines 25--27
[]\T1/zi4/m/n/10 compute_A_B_G_D_and_simulate_mu_Lambda_Sj\T1/ptm/m/n/10 , 

Overfull \hbox (3.3567pt too wide) in paragraph at lines 28--30
[]\T1/zi4/m/n/10 compute_sufficient_statistics_given_mu\T1/ptm/m/n/10 , 
[87] [88]) (./Rd2.aux) )
(see the transcript file for additional information){/usr/share/texlive/texmf-d
ist/fonts/enc/dvips/inconsolata/i4-ts1.enc}{/usr/share/texlive/texmf-dist/fonts
/enc/dvips/base/8r.enc}{/usr/share/texlive/texmf-dist/fonts/enc/dvips/inconsola
ta/i4-t1-0.enc}</usr/share/texlive/texmf-dist/fonts/type1/public/inconsolata/In
consolata-zi4r.pfb></usr/share/texlive/texmf-dist/fonts/type1/public/amsfonts/c
m/cmbx10.pfb></usr/share/texlive/texmf-dist/fonts/type1/public/amsfonts/cm/cmmi
10.pfb></usr/share/texlive/texmf-dist/fonts/type1/public/amsfonts/cm/cmmi7.pfb>
</usr/share/texlive/texmf-dist/fonts/type1/public/amsfonts/cm/cmmib10.pfb></usr
/share/texlive/texmf-dist/fonts/type1/public/amsfonts/cm/cmr10.pfb></usr/share/
texlive/texmf-dist/fonts/type1/public/amsfonts/cm/cmr7.pfb></usr/share/texlive/
texmf-dist/fonts/type1/public/amsfonts/cm/cmsy10.pfb></usr/share/texlive/texmf-
dist/fonts/type1/public/amsfonts/cm/cmsy7.pfb></usr/share/texlive/texmf-dist/fo
nts/type1/urw/helvetic/uhvr8a.pfb></usr/share/texlive/texmf-dist/fonts/type1/ur
w/times/utmb8a.pfb></usr/share/texlive/texmf-dist/fonts/type1/urw/times/utmr8a.
pfb></usr/share/texlive/texmf-dist/fonts/type1/urw/times/utmr8a.pfb></usr/share
/texlive/texmf-dist/fonts/type1/urw/times/utmri8a.pfb>
Output written on Rd2.pdf (88 pages, 457597 bytes).
Transcript written on Rd2.log.
Saving output to ‘fabMix-manual.pdf’ ...
Done
You may want to clean up by 'rm -rf /tmp/Rtmpl6rnjL/Rd2pdf1bb533e0caa3'
